[debug] [2026-01-27T06:26:53.948Z] ----------------------------------------------------------------------
[debug] [2026-01-27T06:26:53.950Z] Command:       C:\nvm4w\nodejs\node.exe C:\nvm4w\nodejs\node_modules\firebase-tools\lib\bin\firebase.js deploy
[debug] [2026-01-27T06:26:53.950Z] CLI Version:   15.4.0
[debug] [2026-01-27T06:26:53.950Z] Platform:      win32
[debug] [2026-01-27T06:26:53.950Z] Node Version:  v20.19.2
[debug] [2026-01-27T06:26:53.950Z] Time:          Tue Jan 27 2026 11:56:53 GMT+0530 (India Standard Time)
[debug] [2026-01-27T06:26:53.951Z] ----------------------------------------------------------------------
[debug] 
[debug] [2026-01-27T06:26:55.116Z] > command requires scopes: ["email","openid","https://www.googleapis.com/auth/cloudplatformprojects.readonly","https://www.googleapis.com/auth/firebase","https://www.googleapis.com/auth/cloud-platform"]
[debug] [2026-01-27T06:26:55.116Z] > authorizing via signed-in user (kiruthickrn@gmail.com)
[debug] [2026-01-27T06:26:55.116Z] [iam] checking project aavishkar-79254 for permissions ["cloudfunctions.functions.create","cloudfunctions.functions.delete","cloudfunctions.functions.get","cloudfunctions.functions.list","cloudfunctions.functions.update","cloudfunctions.operations.get","firebase.projects.get","firebasehosting.sites.update"]
[debug] [2026-01-27T06:26:55.117Z] Checked if tokens are valid: true, expires at: 1769498530050
[debug] [2026-01-27T06:26:55.117Z] Checked if tokens are valid: true, expires at: 1769498530050
[debug] [2026-01-27T06:26:55.118Z] >>> [apiv2][query] POST https://cloudresourcemanager.googleapis.com/v1/projects/aavishkar-79254:testIamPermissions [none]
[debug] [2026-01-27T06:26:55.118Z] >>> [apiv2][(partial)header] POST https://cloudresourcemanager.googleapis.com/v1/projects/aavishkar-79254:testIamPermissions x-goog-quota-user=projects/aavishkar-79254
[debug] [2026-01-27T06:26:55.118Z] >>> [apiv2][body] POST https://cloudresourcemanager.googleapis.com/v1/projects/aavishkar-79254:testIamPermissions {"permissions":["cloudfunctions.functions.create","cloudfunctions.functions.delete","cloudfunctions.functions.get","cloudfunctions.functions.list","cloudfunctions.functions.update","cloudfunctions.operations.get","firebase.projects.get","firebasehosting.sites.update"]}
[debug] [2026-01-27T06:26:55.707Z] <<< [apiv2][status] POST https://cloudresourcemanager.googleapis.com/v1/projects/aavishkar-79254:testIamPermissions 200
[debug] [2026-01-27T06:26:55.707Z] <<< [apiv2][body] POST https://cloudresourcemanager.googleapis.com/v1/projects/aavishkar-79254:testIamPermissions {"permissions":["cloudfunctions.functions.create","cloudfunctions.functions.delete","cloudfunctions.functions.get","cloudfunctions.functions.list","cloudfunctions.functions.update","cloudfunctions.operations.get","firebase.projects.get","firebasehosting.sites.update"]}
[debug] [2026-01-27T06:26:55.707Z] Checked if tokens are valid: true, expires at: 1769498530050
[debug] [2026-01-27T06:26:55.707Z] Checked if tokens are valid: true, expires at: 1769498530050
[debug] [2026-01-27T06:26:55.708Z] >>> [apiv2][query] POST https://iam.googleapis.com/v1/projects/aavishkar-79254/serviceAccounts/aavishkar-79254@appspot.gserviceaccount.com:testIamPermissions [none]
[debug] [2026-01-27T06:26:55.708Z] >>> [apiv2][body] POST https://iam.googleapis.com/v1/projects/aavishkar-79254/serviceAccounts/aavishkar-79254@appspot.gserviceaccount.com:testIamPermissions {"permissions":["iam.serviceAccounts.actAs"]}
[debug] [2026-01-27T06:26:57.421Z] <<< [apiv2][status] POST https://iam.googleapis.com/v1/projects/aavishkar-79254/serviceAccounts/aavishkar-79254@appspot.gserviceaccount.com:testIamPermissions 200
[debug] [2026-01-27T06:26:57.422Z] <<< [apiv2][body] POST https://iam.googleapis.com/v1/projects/aavishkar-79254/serviceAccounts/aavishkar-79254@appspot.gserviceaccount.com:testIamPermissions {"permissions":["iam.serviceAccounts.actAs"]}
[debug] [2026-01-27T06:26:57.422Z] Checked if tokens are valid: true, expires at: 1769498530050
[debug] [2026-01-27T06:26:57.422Z] Checked if tokens are valid: true, expires at: 1769498530050
[debug] [2026-01-27T06:26:57.422Z] >>> [apiv2][query] GET https://firebase.googleapis.com/v1beta1/projects/aavishkar-79254 [none]
[debug] [2026-01-27T06:26:57.970Z] <<< [apiv2][status] GET https://firebase.googleapis.com/v1beta1/projects/aavishkar-79254 200
[debug] [2026-01-27T06:26:57.970Z] <<< [apiv2][body] GET https://firebase.googleapis.com/v1beta1/projects/aavishkar-79254 {"projectId":"aavishkar-79254","projectNumber":"31535047412","displayName":"Aavishkar","name":"projects/aavishkar-79254","resources":{"hostingSite":"aavishkar-79254"},"state":"ACTIVE","etag":"1_e5acf018-3c79-471f-8506-14a0bee94aed"}
[info] 
[info] === Deploying to 'aavishkar-79254'...
[info] 
[info] i  deploying functions, hosting 
[debug] [2026-01-27T06:26:57.975Z] Checked if tokens are valid: true, expires at: 1769498530050
[debug] [2026-01-27T06:26:57.975Z] Checked if tokens are valid: true, expires at: 1769498530050
[debug] [2026-01-27T06:26:57.975Z] >>> [apiv2][query] GET https://cloudresourcemanager.googleapis.com/v1/projects/aavishkar-79254 [none]
[debug] [2026-01-27T06:26:58.310Z] <<< [apiv2][status] GET https://cloudresourcemanager.googleapis.com/v1/projects/aavishkar-79254 200
[debug] [2026-01-27T06:26:58.311Z] <<< [apiv2][body] GET https://cloudresourcemanager.googleapis.com/v1/projects/aavishkar-79254 {"projectNumber":"31535047412","projectId":"aavishkar-79254","lifecycleState":"ACTIVE","name":"Aavishkar","labels":{"firebase":"enabled","firebase-core":"disabled"},"createTime":"2026-01-25T02:53:13.724829Z"}
[info] i  functions: preparing codebase default for deployment 
[info] i  functions: ensuring required API cloudfunctions.googleapis.com is enabled... 
[info] i  functions: ensuring required API cloudbuild.googleapis.com is enabled... 
[info] i  artifactregistry: ensuring required API artifactregistry.googleapis.com is enabled... 
[debug] [2026-01-27T06:26:58.313Z] Checked if tokens are valid: true, expires at: 1769498530050
[debug] [2026-01-27T06:26:58.313Z] Checked if tokens are valid: true, expires at: 1769498530050
[debug] [2026-01-27T06:26:58.313Z] >>> [apiv2][query] GET https://firebase.googleapis.com/v1beta1/projects/aavishkar-79254/adminSdkConfig [none]
[debug] [2026-01-27T06:26:58.887Z] <<< [apiv2][status] GET https://firebase.googleapis.com/v1beta1/projects/aavishkar-79254/adminSdkConfig 200
[debug] [2026-01-27T06:26:58.887Z] <<< [apiv2][body] GET https://firebase.googleapis.com/v1beta1/projects/aavishkar-79254/adminSdkConfig {"projectId":"aavishkar-79254","storageBucket":"aavishkar-79254.firebasestorage.app"}
[debug] [2026-01-27T06:26:58.888Z] Checked if tokens are valid: true, expires at: 1769498530050
[debug] [2026-01-27T06:26:58.888Z] Checked if tokens are valid: true, expires at: 1769498530050
[debug] [2026-01-27T06:26:58.888Z] >>> [apiv2][query] GET https://runtimeconfig.googleapis.com/v1beta1/projects/aavishkar-79254/configs [none]
[debug] [2026-01-27T06:26:59.391Z] <<< [apiv2][status] GET https://runtimeconfig.googleapis.com/v1beta1/projects/aavishkar-79254/configs 200
[debug] [2026-01-27T06:26:59.391Z] <<< [apiv2][body] GET https://runtimeconfig.googleapis.com/v1beta1/projects/aavishkar-79254/configs {}
[debug] [2026-01-27T06:26:59.393Z] Validating nodejs source
[warn] !  functions: package.json indicates an outdated version of firebase-functions. Please upgrade using npm install --save firebase-functions@latest in your functions directory. 
[warn] !  functions: Please note that there will be breaking changes when you upgrade. 
[debug] [2026-01-27T06:27:00.424Z] > [functions] package.json contents: {
  "name": "functions",
  "description": "Cloud Functions for Firebase",
  "scripts": {
    "serve": "firebase emulators:start --only functions",
    "deploy": "firebase deploy --only functions",
    "logs": "firebase functions:log"
  },
  "engines": {
    "node": "20"
  },
  "dependencies": {
    "firebase-admin": "^12.0.0",
    "firebase-functions": "^4.0.0"
  }
}
[debug] [2026-01-27T06:27:00.424Z] Building nodejs source
[info] i  functions: Loading and analyzing source code for codebase default to determine what to deploy 
[info] i  functions: You are using a version of firebase-functions SDK (4.9.0) that does not have support for the newest Firebase Extensions features. Please update firebase-functions SDK to >=5.1.0 to use them correctly 
[debug] [2026-01-27T06:27:00.425Z] Could not find functions.yaml. Must use http discovery
[debug] [2026-01-27T06:27:00.435Z] Found firebase-functions binary at 'C:\Users\SUPERSTAR\OneDrive\Desktop\Aavishkar26\functions\node_modules\.bin\firebase-functions'
[info] Serving at port 8331

[debug] [2026-01-27T06:27:01.015Z] Got response from /__/functions.yaml {"endpoints":{"nextServer":{"platform":"gcfv1","availableMemoryMb":1024,"timeoutSeconds":null,"minInstances":null,"maxInstances":null,"ingressSettings":null,"serviceAccountEmail":null,"vpc":null,"httpsTrigger":{},"entryPoint":"nextServer"}},"specVersion":"v1alpha1","requiredAPIs":[]}
[info] i  functions: preparing functions directory for uploading... 
[info] i  functions: packaged C:\Users\SUPERSTAR\OneDrive\Desktop\Aavishkar26\functions (29.14 KB) for uploading 
[debug] [2026-01-27T06:27:05.078Z] Checked if tokens are valid: true, expires at: 1769498530050
[debug] [2026-01-27T06:27:05.078Z] Checked if tokens are valid: true, expires at: 1769498530050
[debug] [2026-01-27T06:27:05.078Z] >>> [apiv2][query] GET https://cloudfunctions.googleapis.com/v1/projects/aavishkar-79254/locations/-/functions [none]
[debug] [2026-01-27T06:27:06.048Z] <<< [apiv2][status] GET https://cloudfunctions.googleapis.com/v1/projects/aavishkar-79254/locations/-/functions 200
[debug] [2026-01-27T06:27:06.048Z] <<< [apiv2][body] GET https://cloudfunctions.googleapis.com/v1/projects/aavishkar-79254/locations/-/functions {}
[debug] [2026-01-27T06:27:06.048Z] Checked if tokens are valid: true, expires at: 1769498530050
[debug] [2026-01-27T06:27:06.049Z] Checked if tokens are valid: true, expires at: 1769498530050
[debug] [2026-01-27T06:27:06.049Z] >>> [apiv2][query] GET https://cloudfunctions.googleapis.com/v2/projects/aavishkar-79254/locations/-/functions filter=environment%3D%22GEN_2%22
[debug] [2026-01-27T06:27:07.849Z] <<< [apiv2][status] GET https://cloudfunctions.googleapis.com/v2/projects/aavishkar-79254/locations/-/functions 200
[debug] [2026-01-27T06:27:07.849Z] <<< [apiv2][body] GET https://cloudfunctions.googleapis.com/v2/projects/aavishkar-79254/locations/-/functions {}
[debug] [2026-01-27T06:27:07.852Z] Checked if tokens are valid: true, expires at: 1769498530050
[debug] [2026-01-27T06:27:07.852Z] Checked if tokens are valid: true, expires at: 1769498530050
[debug] [2026-01-27T06:27:07.852Z] >>> [apiv2][query] GET https://cloudresourcemanager.googleapis.com/v1/projects/aavishkar-79254 [none]
[debug] [2026-01-27T06:27:09.235Z] <<< [apiv2][status] GET https://cloudresourcemanager.googleapis.com/v1/projects/aavishkar-79254 200
[debug] [2026-01-27T06:27:09.235Z] <<< [apiv2][body] GET https://cloudresourcemanager.googleapis.com/v1/projects/aavishkar-79254 {"projectNumber":"31535047412","projectId":"aavishkar-79254","lifecycleState":"ACTIVE","name":"Aavishkar","labels":{"firebase":"enabled","firebase-core":"disabled"},"createTime":"2026-01-25T02:53:13.724829Z"}
[debug] [2026-01-27T06:27:09.238Z] Checked if tokens are valid: true, expires at: 1769498530050
[debug] [2026-01-27T06:27:09.238Z] Checked if tokens are valid: true, expires at: 1769498530050
[debug] [2026-01-27T06:27:09.238Z] >>> [apiv2][query] POST https://firebasehosting.googleapis.com/v1beta1/projects/-/sites/aavishkar-79254/versions [none]
[debug] [2026-01-27T06:27:09.238Z] >>> [apiv2][body] POST https://firebasehosting.googleapis.com/v1beta1/projects/-/sites/aavishkar-79254/versions {"status":"CREATED","labels":{"deployment-tool":"cli-firebase"}}
[debug] [2026-01-27T06:27:11.465Z] <<< [apiv2][status] POST https://firebasehosting.googleapis.com/v1beta1/projects/-/sites/aavishkar-79254/versions 200
[debug] [2026-01-27T06:27:11.466Z] <<< [apiv2][body] POST https://firebasehosting.googleapis.com/v1beta1/projects/-/sites/aavishkar-79254/versions {"name":"projects/31535047412/sites/aavishkar-79254/versions/b4d88d1434710acf","status":"CREATED","config":{},"labels":{"deployment-tool":"cli-firebase"}}
[debug] [2026-01-27T06:27:11.466Z] [functions] found 1 new HTTP functions, testing setIamPolicy permission...
[debug] [2026-01-27T06:27:11.467Z] Checked if tokens are valid: true, expires at: 1769498530050
[debug] [2026-01-27T06:27:11.467Z] Checked if tokens are valid: true, expires at: 1769498530050
[debug] [2026-01-27T06:27:11.467Z] >>> [apiv2][query] POST https://cloudresourcemanager.googleapis.com/v1/projects/aavishkar-79254:testIamPermissions [none]
[debug] [2026-01-27T06:27:11.467Z] >>> [apiv2][(partial)header] POST https://cloudresourcemanager.googleapis.com/v1/projects/aavishkar-79254:testIamPermissions x-goog-quota-user=projects/aavishkar-79254
[debug] [2026-01-27T06:27:11.467Z] >>> [apiv2][body] POST https://cloudresourcemanager.googleapis.com/v1/projects/aavishkar-79254:testIamPermissions {"permissions":["cloudfunctions.functions.setIamPolicy"]}
[debug] [2026-01-27T06:27:11.739Z] <<< [apiv2][status] POST https://cloudresourcemanager.googleapis.com/v1/projects/aavishkar-79254:testIamPermissions 200
[debug] [2026-01-27T06:27:11.739Z] <<< [apiv2][body] POST https://cloudresourcemanager.googleapis.com/v1/projects/aavishkar-79254:testIamPermissions {"permissions":["cloudfunctions.functions.setIamPolicy"]}
[debug] [2026-01-27T06:27:11.739Z] [functions] found setIamPolicy permission, proceeding with deploy
[debug] [2026-01-27T06:27:11.739Z] Checked if tokens are valid: true, expires at: 1769498530050
[debug] [2026-01-27T06:27:11.739Z] Checked if tokens are valid: true, expires at: 1769498530050
[debug] [2026-01-27T06:27:11.740Z] >>> [apiv2][query] POST https://cloudfunctions.googleapis.com/v1/projects/aavishkar-79254/locations/us-central1/functions:generateUploadUrl [none]
[debug] [2026-01-27T06:27:11.740Z] >>> [apiv2][body] POST https://cloudfunctions.googleapis.com/v1/projects/aavishkar-79254/locations/us-central1/functions:generateUploadUrl {}
[debug] [2026-01-27T06:27:21.023Z] <<< [apiv2][status] POST https://cloudfunctions.googleapis.com/v1/projects/aavishkar-79254/locations/us-central1/functions:generateUploadUrl 200
[debug] [2026-01-27T06:27:21.024Z] <<< [apiv2][body] POST https://cloudfunctions.googleapis.com/v1/projects/aavishkar-79254/locations/us-central1/functions:generateUploadUrl {"uploadUrl":"https://storage.googleapis.com/uploads-215580968587.us-central1.cloudfunctions.appspot.com/f6d3c48b-a6f8-4f18-b8b8-65ac88c47785.zip?GoogleAccessId=service-31535047412@gcf-admin-robot.iam.gserviceaccount.com&Expires=1769497044&Signature=kQJFUDcffJod1oCUvem4mDTDa865Cz1XAaiyM4GLe%2FJrKZdt%2Fh5%2B4M2IReTZ5uqV564hBMy7XNN1Js3AKXITLimhgS6F9UlCe7dDSii9FWnbmvL6VwcthC8SqN%2B30u97aUpiDrH0QKcMqVrGzvksoeDJ7f8eJ7pMjaGfzfcpubiCYsc7QKqJNDTqQVJoqPV4pojxu3%2Bk1QgUjHMPkR5ZcC%2B4l1qypEB5lzjYdD3qQ3VcM1Jn7f4dOdCJb0jd8rnyJhh7lL%2Fbwb17J%2F9Pfkpl8vIO8QsiQP51MA3m1%2FZ4S%2Bpx6Hj%2FwGIgPrY2BMqOqCfNBzAotZYZQvfUYyikdImL7A%3D%3D"}
[debug] [2026-01-27T06:27:21.025Z] >>> [apiv2][query] PUT https://storage.googleapis.com/uploads-215580968587.us-central1.cloudfunctions.appspot.com/f6d3c48b-a6f8-4f18-b8b8-65ac88c47785.zip GoogleAccessId=service-31535047412%40gcf-admin-robot.iam.gserviceaccount.com&Expires=1769497044&Signature=kQJFUDcffJod1oCUvem4mDTDa865Cz1XAaiyM4GLe%2FJrKZdt%2Fh5%2B4M2IReTZ5uqV564hBMy7XNN1Js3AKXITLimhgS6F9UlCe7dDSii9FWnbmvL6VwcthC8SqN%2B30u97aUpiDrH0QKcMqVrGzvksoeDJ7f8eJ7pMjaGfzfcpubiCYsc7QKqJNDTqQVJoqPV4pojxu3%2Bk1QgUjHMPkR5ZcC%2B4l1qypEB5lzjYdD3qQ3VcM1Jn7f4dOdCJb0jd8rnyJhh7lL%2Fbwb17J%2F9Pfkpl8vIO8QsiQP51MA3m1%2FZ4S%2Bpx6Hj%2FwGIgPrY2BMqOqCfNBzAotZYZQvfUYyikdImL7A%3D%3D
[debug] [2026-01-27T06:27:21.025Z] >>> [apiv2][body] PUT https://storage.googleapis.com/uploads-215580968587.us-central1.cloudfunctions.appspot.com/f6d3c48b-a6f8-4f18-b8b8-65ac88c47785.zip [stream]
[debug] [2026-01-27T06:27:22.072Z] <<< [apiv2][status] PUT https://storage.googleapis.com/uploads-215580968587.us-central1.cloudfunctions.appspot.com/f6d3c48b-a6f8-4f18-b8b8-65ac88c47785.zip 200
[debug] [2026-01-27T06:27:22.072Z] <<< [apiv2][body] PUT https://storage.googleapis.com/uploads-215580968587.us-central1.cloudfunctions.appspot.com/f6d3c48b-a6f8-4f18-b8b8-65ac88c47785.zip [omitted]
[info] +  functions: functions source uploaded successfully 
[info] i  hosting[aavishkar-79254]: beginning deploy... 
[info] i  hosting[aavishkar-79254]: found 13 files in public 
[debug] [2026-01-27T06:27:22.087Z] [hosting] uploading with 200 concurrency
[debug] [2026-01-27T06:27:22.088Z] [hosting] hash cache [cHVibGlj] not populated
[debug] [2026-01-27T06:27:22.106Z] Checked if tokens are valid: true, expires at: 1769498530050
[debug] [2026-01-27T06:27:22.106Z] Checked if tokens are valid: true, expires at: 1769498530050
[debug] [2026-01-27T06:27:22.107Z] [hosting] hash cache [cHVibGlj] stored for 13 files
[debug] [2026-01-27T06:27:22.107Z] [hosting][hash queue][FINAL] {"max":15,"min":4,"avg":6.153846153846154,"active":0,"complete":13,"success":13,"errored":0,"retried":0,"total":13,"elapsed":18}
[debug] [2026-01-27T06:27:22.107Z] >>> [apiv2][query] POST https://firebasehosting.googleapis.com/v1beta1/projects/31535047412/sites/aavishkar-79254/versions/b4d88d1434710acf:populateFiles [none]
[debug] [2026-01-27T06:27:22.107Z] >>> [apiv2][body] POST https://firebasehosting.googleapis.com/v1beta1/projects/31535047412/sites/aavishkar-79254/versions/b4d88d1434710acf:populateFiles {"files":{"/window.svg":"6bd2003bd35bb32c1c0d99ab3aeac0cc1edaefd79f27df1d954bc87184048d74","/next.svg":"0665b9ab4493aa9d7e988b57024e28772ae543e804b8cf6b0a3633854b7c3c7f","/file.svg":"5a09df6187e21aa9a7d05094389385876ac93c818e1dcbb77a26a8fe408bf79c","/vercel.svg":"529a1a21b4a82475a82db26173c28d7b27e2dc9d4b900eaf1c5329d96eea4ddd","/globe.svg":"6502a3e6120bf2d6e8417e7c40bb57fb8a6954de9c86d3f43076a75b60cd23a2","/images/images.jpg":"3cc92020eaf1b2fbdfa05db3e5db87b2a1aa194a3bed9fbf9b4754e23b741446","/images/CIT_Main_Building.jpg":"5dd55d9e15d64cea2e604391a9b39dbad34f2ff50f8526f8aaec343ebceffd0d","/images/download1.jpg":"4e076bdd6517528ffaa45ccfd006857665feda86d2d023ff63851139b043f1c7","/images/images1.jpg":"3a2278086534a0d3c1e8ada309e77c75ef36f796d6c193d9af384c48b4d89fb2","/images/logo.jpeg":"24e6f9da36d15b94fe9f850af876814fdb7bd4cf7650055e0daf6a523175f5f2","/images/citcampus.jpg":"08a6f009e2ff7ccd929c9fad5fe937569cd84a32d0d997a100ebb40e1b76a2a0","/images/aavishkar24.png":"707eaaa92133f09b2d18cbdce1687a5313c92ec38b977f7e72c6cf4b6ae377b8","/tech-events/poster.png":"eb1f45ed82bea95fa1e257db6c85192f7235cbc173013ba36dda1fe1cb3c4407"}}
[debug] [2026-01-27T06:27:23.848Z] <<< [apiv2][status] POST https://firebasehosting.googleapis.com/v1beta1/projects/31535047412/sites/aavishkar-79254/versions/b4d88d1434710acf:populateFiles 200
[debug] [2026-01-27T06:27:23.848Z] <<< [apiv2][body] POST https://firebasehosting.googleapis.com/v1beta1/projects/31535047412/sites/aavishkar-79254/versions/b4d88d1434710acf:populateFiles {"uploadRequiredHashes":["0665b9ab4493aa9d7e988b57024e28772ae543e804b8cf6b0a3633854b7c3c7f","6502a3e6120bf2d6e8417e7c40bb57fb8a6954de9c86d3f43076a75b60cd23a2","707eaaa92133f09b2d18cbdce1687a5313c92ec38b977f7e72c6cf4b6ae377b8","6bd2003bd35bb32c1c0d99ab3aeac0cc1edaefd79f27df1d954bc87184048d74","eb1f45ed82bea95fa1e257db6c85192f7235cbc173013ba36dda1fe1cb3c4407","5a09df6187e21aa9a7d05094389385876ac93c818e1dcbb77a26a8fe408bf79c","529a1a21b4a82475a82db26173c28d7b27e2dc9d4b900eaf1c5329d96eea4ddd","3cc92020eaf1b2fbdfa05db3e5db87b2a1aa194a3bed9fbf9b4754e23b741446","4e076bdd6517528ffaa45ccfd006857665feda86d2d023ff63851139b043f1c7","3a2278086534a0d3c1e8ada309e77c75ef36f796d6c193d9af384c48b4d89fb2","5dd55d9e15d64cea2e604391a9b39dbad34f2ff50f8526f8aaec343ebceffd0d","08a6f009e2ff7ccd929c9fad5fe937569cd84a32d0d997a100ebb40e1b76a2a0","24e6f9da36d15b94fe9f850af876814fdb7bd4cf7650055e0daf6a523175f5f2"],"uploadUrl":"https://upload-firebasehosting.googleapis.com/upload/sites/aavishkar-79254/versions/b4d88d1434710acf/files"}
[debug] [2026-01-27T06:27:23.848Z] Checked if tokens are valid: true, expires at: 1769498530050
[debug] [2026-01-27T06:27:23.848Z] Checked if tokens are valid: true, expires at: 1769498530050
[debug] [2026-01-27T06:27:23.849Z] Checked if tokens are valid: true, expires at: 1769498530050
[debug] [2026-01-27T06:27:23.849Z] Checked if tokens are valid: true, expires at: 1769498530050
[debug] [2026-01-27T06:27:23.849Z] Checked if tokens are valid: true, expires at: 1769498530050
[debug] [2026-01-27T06:27:23.849Z] Checked if tokens are valid: true, expires at: 1769498530050
[debug] [2026-01-27T06:27:23.849Z] Checked if tokens are valid: true, expires at: 1769498530050
[debug] [2026-01-27T06:27:23.849Z] Checked if tokens are valid: true, expires at: 1769498530050
[debug] [2026-01-27T06:27:23.849Z] Checked if tokens are valid: true, expires at: 1769498530050
[debug] [2026-01-27T06:27:23.849Z] Checked if tokens are valid: true, expires at: 1769498530050
[debug] [2026-01-27T06:27:23.849Z] Checked if tokens are valid: true, expires at: 1769498530050
[debug] [2026-01-27T06:27:23.849Z] Checked if tokens are valid: true, expires at: 1769498530050
[debug] [2026-01-27T06:27:23.849Z] Checked if tokens are valid: true, expires at: 1769498530050
[debug] [2026-01-27T06:27:23.849Z] Checked if tokens are valid: true, expires at: 1769498530050
[debug] [2026-01-27T06:27:23.850Z] Checked if tokens are valid: true, expires at: 1769498530050
[debug] [2026-01-27T06:27:23.850Z] Checked if tokens are valid: true, expires at: 1769498530050
[debug] [2026-01-27T06:27:23.851Z] Checked if tokens are valid: true, expires at: 1769498530050
[debug] [2026-01-27T06:27:23.851Z] Checked if tokens are valid: true, expires at: 1769498530050
[debug] [2026-01-27T06:27:23.851Z] Checked if tokens are valid: true, expires at: 1769498530050
[debug] [2026-01-27T06:27:23.851Z] Checked if tokens are valid: true, expires at: 1769498530050
[debug] [2026-01-27T06:27:23.851Z] Checked if tokens are valid: true, expires at: 1769498530050
[debug] [2026-01-27T06:27:23.851Z] Checked if tokens are valid: true, expires at: 1769498530050
[debug] [2026-01-27T06:27:23.851Z] Checked if tokens are valid: true, expires at: 1769498530050
[debug] [2026-01-27T06:27:23.851Z] Checked if tokens are valid: true, expires at: 1769498530050
[debug] [2026-01-27T06:27:23.851Z] Checked if tokens are valid: true, expires at: 1769498530050
[debug] [2026-01-27T06:27:23.851Z] Checked if tokens are valid: true, expires at: 1769498530050
[debug] [2026-01-27T06:27:23.852Z] >>> [apiv2][query] POST https://upload-firebasehosting.googleapis.com/upload/sites/aavishkar-79254/versions/b4d88d1434710acf/files/0665b9ab4493aa9d7e988b57024e28772ae543e804b8cf6b0a3633854b7c3c7f [none]
[debug] [2026-01-27T06:27:23.852Z] >>> [apiv2][body] POST https://upload-firebasehosting.googleapis.com/upload/sites/aavishkar-79254/versions/b4d88d1434710acf/files/0665b9ab4493aa9d7e988b57024e28772ae543e804b8cf6b0a3633854b7c3c7f [stream]
[debug] [2026-01-27T06:27:23.853Z] >>> [apiv2][query] POST https://upload-firebasehosting.googleapis.com/upload/sites/aavishkar-79254/versions/b4d88d1434710acf/files/6502a3e6120bf2d6e8417e7c40bb57fb8a6954de9c86d3f43076a75b60cd23a2 [none]
[debug] [2026-01-27T06:27:23.853Z] >>> [apiv2][body] POST https://upload-firebasehosting.googleapis.com/upload/sites/aavishkar-79254/versions/b4d88d1434710acf/files/6502a3e6120bf2d6e8417e7c40bb57fb8a6954de9c86d3f43076a75b60cd23a2 [stream]
[debug] [2026-01-27T06:27:23.854Z] >>> [apiv2][query] POST https://upload-firebasehosting.googleapis.com/upload/sites/aavishkar-79254/versions/b4d88d1434710acf/files/707eaaa92133f09b2d18cbdce1687a5313c92ec38b977f7e72c6cf4b6ae377b8 [none]
[debug] [2026-01-27T06:27:23.854Z] >>> [apiv2][body] POST https://upload-firebasehosting.googleapis.com/upload/sites/aavishkar-79254/versions/b4d88d1434710acf/files/707eaaa92133f09b2d18cbdce1687a5313c92ec38b977f7e72c6cf4b6ae377b8 [stream]
[debug] [2026-01-27T06:27:23.855Z] >>> [apiv2][query] POST https://upload-firebasehosting.googleapis.com/upload/sites/aavishkar-79254/versions/b4d88d1434710acf/files/6bd2003bd35bb32c1c0d99ab3aeac0cc1edaefd79f27df1d954bc87184048d74 [none]
[debug] [2026-01-27T06:27:23.855Z] >>> [apiv2][body] POST https://upload-firebasehosting.googleapis.com/upload/sites/aavishkar-79254/versions/b4d88d1434710acf/files/6bd2003bd35bb32c1c0d99ab3aeac0cc1edaefd79f27df1d954bc87184048d74 [stream]
[debug] [2026-01-27T06:27:23.855Z] >>> [apiv2][query] POST https://upload-firebasehosting.googleapis.com/upload/sites/aavishkar-79254/versions/b4d88d1434710acf/files/eb1f45ed82bea95fa1e257db6c85192f7235cbc173013ba36dda1fe1cb3c4407 [none]
[debug] [2026-01-27T06:27:23.855Z] >>> [apiv2][body] POST https://upload-firebasehosting.googleapis.com/upload/sites/aavishkar-79254/versions/b4d88d1434710acf/files/eb1f45ed82bea95fa1e257db6c85192f7235cbc173013ba36dda1fe1cb3c4407 [stream]
[debug] [2026-01-27T06:27:23.856Z] >>> [apiv2][query] POST https://upload-firebasehosting.googleapis.com/upload/sites/aavishkar-79254/versions/b4d88d1434710acf/files/5a09df6187e21aa9a7d05094389385876ac93c818e1dcbb77a26a8fe408bf79c [none]
[debug] [2026-01-27T06:27:23.856Z] >>> [apiv2][body] POST https://upload-firebasehosting.googleapis.com/upload/sites/aavishkar-79254/versions/b4d88d1434710acf/files/5a09df6187e21aa9a7d05094389385876ac93c818e1dcbb77a26a8fe408bf79c [stream]
[debug] [2026-01-27T06:27:23.857Z] >>> [apiv2][query] POST https://upload-firebasehosting.googleapis.com/upload/sites/aavishkar-79254/versions/b4d88d1434710acf/files/529a1a21b4a82475a82db26173c28d7b27e2dc9d4b900eaf1c5329d96eea4ddd [none]
[debug] [2026-01-27T06:27:23.857Z] >>> [apiv2][body] POST https://upload-firebasehosting.googleapis.com/upload/sites/aavishkar-79254/versions/b4d88d1434710acf/files/529a1a21b4a82475a82db26173c28d7b27e2dc9d4b900eaf1c5329d96eea4ddd [stream]
[debug] [2026-01-27T06:27:23.857Z] >>> [apiv2][query] POST https://upload-firebasehosting.googleapis.com/upload/sites/aavishkar-79254/versions/b4d88d1434710acf/files/3cc92020eaf1b2fbdfa05db3e5db87b2a1aa194a3bed9fbf9b4754e23b741446 [none]
[debug] [2026-01-27T06:27:23.857Z] >>> [apiv2][body] POST https://upload-firebasehosting.googleapis.com/upload/sites/aavishkar-79254/versions/b4d88d1434710acf/files/3cc92020eaf1b2fbdfa05db3e5db87b2a1aa194a3bed9fbf9b4754e23b741446 [stream]
[debug] [2026-01-27T06:27:23.858Z] >>> [apiv2][query] POST https://upload-firebasehosting.googleapis.com/upload/sites/aavishkar-79254/versions/b4d88d1434710acf/files/4e076bdd6517528ffaa45ccfd006857665feda86d2d023ff63851139b043f1c7 [none]
[debug] [2026-01-27T06:27:23.858Z] >>> [apiv2][body] POST https://upload-firebasehosting.googleapis.com/upload/sites/aavishkar-79254/versions/b4d88d1434710acf/files/4e076bdd6517528ffaa45ccfd006857665feda86d2d023ff63851139b043f1c7 [stream]
[debug] [2026-01-27T06:27:23.859Z] >>> [apiv2][query] POST https://upload-firebasehosting.googleapis.com/upload/sites/aavishkar-79254/versions/b4d88d1434710acf/files/3a2278086534a0d3c1e8ada309e77c75ef36f796d6c193d9af384c48b4d89fb2 [none]
[debug] [2026-01-27T06:27:23.859Z] >>> [apiv2][body] POST https://upload-firebasehosting.googleapis.com/upload/sites/aavishkar-79254/versions/b4d88d1434710acf/files/3a2278086534a0d3c1e8ada309e77c75ef36f796d6c193d9af384c48b4d89fb2 [stream]
[debug] [2026-01-27T06:27:23.859Z] >>> [apiv2][query] POST https://upload-firebasehosting.googleapis.com/upload/sites/aavishkar-79254/versions/b4d88d1434710acf/files/5dd55d9e15d64cea2e604391a9b39dbad34f2ff50f8526f8aaec343ebceffd0d [none]
[debug] [2026-01-27T06:27:23.859Z] >>> [apiv2][body] POST https://upload-firebasehosting.googleapis.com/upload/sites/aavishkar-79254/versions/b4d88d1434710acf/files/5dd55d9e15d64cea2e604391a9b39dbad34f2ff50f8526f8aaec343ebceffd0d [stream]
[debug] [2026-01-27T06:27:23.860Z] >>> [apiv2][query] POST https://upload-firebasehosting.googleapis.com/upload/sites/aavishkar-79254/versions/b4d88d1434710acf/files/08a6f009e2ff7ccd929c9fad5fe937569cd84a32d0d997a100ebb40e1b76a2a0 [none]
[debug] [2026-01-27T06:27:23.860Z] >>> [apiv2][body] POST https://upload-firebasehosting.googleapis.com/upload/sites/aavishkar-79254/versions/b4d88d1434710acf/files/08a6f009e2ff7ccd929c9fad5fe937569cd84a32d0d997a100ebb40e1b76a2a0 [stream]
[debug] [2026-01-27T06:27:23.860Z] >>> [apiv2][query] POST https://upload-firebasehosting.googleapis.com/upload/sites/aavishkar-79254/versions/b4d88d1434710acf/files/24e6f9da36d15b94fe9f850af876814fdb7bd4cf7650055e0daf6a523175f5f2 [none]
[debug] [2026-01-27T06:27:23.860Z] >>> [apiv2][body] POST https://upload-firebasehosting.googleapis.com/upload/sites/aavishkar-79254/versions/b4d88d1434710acf/files/24e6f9da36d15b94fe9f850af876814fdb7bd4cf7650055e0daf6a523175f5f2 [stream]
[debug] [2026-01-27T06:27:23.861Z] [hosting][populate queue][FINAL] {"max":1746,"min":1746,"avg":1746,"active":0,"complete":1,"success":1,"errored":0,"retried":0,"total":1,"elapsed":1755}
[debug] [2026-01-27T06:27:23.861Z] [hosting] uploads queued: 13
[debug] [2026-01-27T06:27:25.369Z] <<< [apiv2][status] POST https://upload-firebasehosting.googleapis.com/upload/sites/aavishkar-79254/versions/b4d88d1434710acf/files/6502a3e6120bf2d6e8417e7c40bb57fb8a6954de9c86d3f43076a75b60cd23a2 200
[debug] [2026-01-27T06:27:25.369Z] <<< [apiv2][body] POST https://upload-firebasehosting.googleapis.com/upload/sites/aavishkar-79254/versions/b4d88d1434710acf/files/6502a3e6120bf2d6e8417e7c40bb57fb8a6954de9c86d3f43076a75b60cd23a2 [stream]
[debug] [2026-01-27T06:27:25.370Z] <<< [apiv2][status] POST https://upload-firebasehosting.googleapis.com/upload/sites/aavishkar-79254/versions/b4d88d1434710acf/files/5a09df6187e21aa9a7d05094389385876ac93c818e1dcbb77a26a8fe408bf79c 200
[debug] [2026-01-27T06:27:25.370Z] <<< [apiv2][body] POST https://upload-firebasehosting.googleapis.com/upload/sites/aavishkar-79254/versions/b4d88d1434710acf/files/5a09df6187e21aa9a7d05094389385876ac93c818e1dcbb77a26a8fe408bf79c [stream]
[debug] [2026-01-27T06:27:25.370Z] <<< [apiv2][status] POST https://upload-firebasehosting.googleapis.com/upload/sites/aavishkar-79254/versions/b4d88d1434710acf/files/6bd2003bd35bb32c1c0d99ab3aeac0cc1edaefd79f27df1d954bc87184048d74 200
[debug] [2026-01-27T06:27:25.370Z] <<< [apiv2][body] POST https://upload-firebasehosting.googleapis.com/upload/sites/aavishkar-79254/versions/b4d88d1434710acf/files/6bd2003bd35bb32c1c0d99ab3aeac0cc1edaefd79f27df1d954bc87184048d74 [stream]
[debug] [2026-01-27T06:27:25.371Z] <<< [apiv2][status] POST https://upload-firebasehosting.googleapis.com/upload/sites/aavishkar-79254/versions/b4d88d1434710acf/files/0665b9ab4493aa9d7e988b57024e28772ae543e804b8cf6b0a3633854b7c3c7f 200
[debug] [2026-01-27T06:27:25.371Z] <<< [apiv2][body] POST https://upload-firebasehosting.googleapis.com/upload/sites/aavishkar-79254/versions/b4d88d1434710acf/files/0665b9ab4493aa9d7e988b57024e28772ae543e804b8cf6b0a3633854b7c3c7f [stream]
[debug] [2026-01-27T06:27:25.393Z] <<< [apiv2][status] POST https://upload-firebasehosting.googleapis.com/upload/sites/aavishkar-79254/versions/b4d88d1434710acf/files/529a1a21b4a82475a82db26173c28d7b27e2dc9d4b900eaf1c5329d96eea4ddd 200
[debug] [2026-01-27T06:27:25.393Z] <<< [apiv2][body] POST https://upload-firebasehosting.googleapis.com/upload/sites/aavishkar-79254/versions/b4d88d1434710acf/files/529a1a21b4a82475a82db26173c28d7b27e2dc9d4b900eaf1c5329d96eea4ddd [stream]
[debug] [2026-01-27T06:27:25.413Z] <<< [apiv2][status] POST https://upload-firebasehosting.googleapis.com/upload/sites/aavishkar-79254/versions/b4d88d1434710acf/files/4e076bdd6517528ffaa45ccfd006857665feda86d2d023ff63851139b043f1c7 200
[debug] [2026-01-27T06:27:25.413Z] <<< [apiv2][body] POST https://upload-firebasehosting.googleapis.com/upload/sites/aavishkar-79254/versions/b4d88d1434710acf/files/4e076bdd6517528ffaa45ccfd006857665feda86d2d023ff63851139b043f1c7 [stream]
[debug] [2026-01-27T06:27:25.446Z] <<< [apiv2][status] POST https://upload-firebasehosting.googleapis.com/upload/sites/aavishkar-79254/versions/b4d88d1434710acf/files/24e6f9da36d15b94fe9f850af876814fdb7bd4cf7650055e0daf6a523175f5f2 200
[debug] [2026-01-27T06:27:25.446Z] <<< [apiv2][body] POST https://upload-firebasehosting.googleapis.com/upload/sites/aavishkar-79254/versions/b4d88d1434710acf/files/24e6f9da36d15b94fe9f850af876814fdb7bd4cf7650055e0daf6a523175f5f2 [stream]
[debug] [2026-01-27T06:27:25.458Z] <<< [apiv2][status] POST https://upload-firebasehosting.googleapis.com/upload/sites/aavishkar-79254/versions/b4d88d1434710acf/files/5dd55d9e15d64cea2e604391a9b39dbad34f2ff50f8526f8aaec343ebceffd0d 200
[debug] [2026-01-27T06:27:25.458Z] <<< [apiv2][body] POST https://upload-firebasehosting.googleapis.com/upload/sites/aavishkar-79254/versions/b4d88d1434710acf/files/5dd55d9e15d64cea2e604391a9b39dbad34f2ff50f8526f8aaec343ebceffd0d [stream]
[debug] [2026-01-27T06:27:25.466Z] <<< [apiv2][status] POST https://upload-firebasehosting.googleapis.com/upload/sites/aavishkar-79254/versions/b4d88d1434710acf/files/3a2278086534a0d3c1e8ada309e77c75ef36f796d6c193d9af384c48b4d89fb2 200
[debug] [2026-01-27T06:27:25.466Z] <<< [apiv2][body] POST https://upload-firebasehosting.googleapis.com/upload/sites/aavishkar-79254/versions/b4d88d1434710acf/files/3a2278086534a0d3c1e8ada309e77c75ef36f796d6c193d9af384c48b4d89fb2 [stream]
[debug] [2026-01-27T06:27:25.768Z] <<< [apiv2][status] POST https://upload-firebasehosting.googleapis.com/upload/sites/aavishkar-79254/versions/b4d88d1434710acf/files/707eaaa92133f09b2d18cbdce1687a5313c92ec38b977f7e72c6cf4b6ae377b8 200
[debug] [2026-01-27T06:27:25.768Z] <<< [apiv2][body] POST https://upload-firebasehosting.googleapis.com/upload/sites/aavishkar-79254/versions/b4d88d1434710acf/files/707eaaa92133f09b2d18cbdce1687a5313c92ec38b977f7e72c6cf4b6ae377b8 [stream]
[debug] [2026-01-27T06:27:25.869Z] <<< [apiv2][status] POST https://upload-firebasehosting.googleapis.com/upload/sites/aavishkar-79254/versions/b4d88d1434710acf/files/3cc92020eaf1b2fbdfa05db3e5db87b2a1aa194a3bed9fbf9b4754e23b741446 200
[debug] [2026-01-27T06:27:25.869Z] <<< [apiv2][body] POST https://upload-firebasehosting.googleapis.com/upload/sites/aavishkar-79254/versions/b4d88d1434710acf/files/3cc92020eaf1b2fbdfa05db3e5db87b2a1aa194a3bed9fbf9b4754e23b741446 [stream]
[debug] [2026-01-27T06:27:26.407Z] <<< [apiv2][status] POST https://upload-firebasehosting.googleapis.com/upload/sites/aavishkar-79254/versions/b4d88d1434710acf/files/eb1f45ed82bea95fa1e257db6c85192f7235cbc173013ba36dda1fe1cb3c4407 200
[debug] [2026-01-27T06:27:26.408Z] <<< [apiv2][body] POST https://upload-firebasehosting.googleapis.com/upload/sites/aavishkar-79254/versions/b4d88d1434710acf/files/eb1f45ed82bea95fa1e257db6c85192f7235cbc173013ba36dda1fe1cb3c4407 [stream]
[debug] [2026-01-27T06:27:26.462Z] <<< [apiv2][status] POST https://upload-firebasehosting.googleapis.com/upload/sites/aavishkar-79254/versions/b4d88d1434710acf/files/08a6f009e2ff7ccd929c9fad5fe937569cd84a32d0d997a100ebb40e1b76a2a0 200
[debug] [2026-01-27T06:27:26.462Z] <<< [apiv2][body] POST https://upload-firebasehosting.googleapis.com/upload/sites/aavishkar-79254/versions/b4d88d1434710acf/files/08a6f009e2ff7ccd929c9fad5fe937569cd84a32d0d997a100ebb40e1b76a2a0 [stream]
[debug] [2026-01-27T06:27:26.462Z] [hosting][upload queue][FINAL] {"max":2611,"min":1521,"avg":1778.3846153846155,"active":0,"complete":13,"success":13,"errored":0,"retried":0,"total":13,"elapsed":2614}
[info] +  hosting[aavishkar-79254]: file upload complete 
[debug] [2026-01-27T06:27:26.463Z] [hosting] deploy completed after 4388ms
[info] i  functions: creating Node.js 20 (1st Gen) function nextServer(us-central1)... 
[debug] [2026-01-27T06:27:26.466Z] Checked if tokens are valid: true, expires at: 1769498530050
[debug] [2026-01-27T06:27:26.467Z] Checked if tokens are valid: true, expires at: 1769498530050
[debug] [2026-01-27T06:27:26.467Z] >>> [apiv2][query] POST https://cloudfunctions.googleapis.com/v1/projects/aavishkar-79254/locations/us-central1/functions [none]
[debug] [2026-01-27T06:27:26.467Z] >>> [apiv2][body] POST https://cloudfunctions.googleapis.com/v1/projects/aavishkar-79254/locations/us-central1/functions {"name":"projects/aavishkar-79254/locations/us-central1/functions/nextServer","sourceUploadUrl":"https://storage.googleapis.com/uploads-215580968587.us-central1.cloudfunctions.appspot.com/f6d3c48b-a6f8-4f18-b8b8-65ac88c47785.zip?GoogleAccessId=service-31535047412@gcf-admin-robot.iam.gserviceaccount.com&Expires=1769497044&Signature=kQJFUDcffJod1oCUvem4mDTDa865Cz1XAaiyM4GLe%2FJrKZdt%2Fh5%2B4M2IReTZ5uqV564hBMy7XNN1Js3AKXITLimhgS6F9UlCe7dDSii9FWnbmvL6VwcthC8SqN%2B30u97aUpiDrH0QKcMqVrGzvksoeDJ7f8eJ7pMjaGfzfcpubiCYsc7QKqJNDTqQVJoqPV4pojxu3%2Bk1QgUjHMPkR5ZcC%2B4l1qypEB5lzjYdD3qQ3VcM1Jn7f4dOdCJb0jd8rnyJhh7lL%2Fbwb17J%2F9Pfkpl8vIO8QsiQP51MA3m1%2FZ4S%2Bpx6Hj%2FwGIgPrY2BMqOqCfNBzAotZYZQvfUYyikdImL7A%3D%3D","entryPoint":"nextServer","runtime":"nodejs20","dockerRegistry":"ARTIFACT_REGISTRY","labels":{"deployment-tool":"cli-firebase","firebase-functions-hash":"557ec95047cc25c7db8cd660d06579e1e2d25641"},"httpsTrigger":{"securityLevel":"SECURE_ALWAYS"},"minInstances":null,"maxInstances":null,"ingressSettings":null,"environmentVariables":{"FIREBASE_CONFIG":"{\"projectId\":\"aavishkar-79254\",\"storageBucket\":\"aavishkar-79254.firebasestorage.app\"}","GCLOUD_PROJECT":"aavishkar-79254","EVENTARC_CLOUD_EVENT_SOURCE":"projects/aavishkar-79254/locations/us-central1/functions/nextServer"},"serviceAccountEmail":null,"availableMemoryMb":1024,"timeout":null,"vpcConnector":null,"vpcConnectorEgressSettings":null,"buildEnvironmentVariables":{"GOOGLE_NODE_RUN_SCRIPTS":""}}
[debug] [2026-01-27T06:27:27.555Z] <<< [apiv2][status] POST https://cloudfunctions.googleapis.com/v1/projects/aavishkar-79254/locations/us-central1/functions 200
[debug] [2026-01-27T06:27:27.555Z] <<< [apiv2][body] POST https://cloudfunctions.googleapis.com/v1/projects/aavishkar-79254/locations/us-central1/functions {"name":"operations/cHJvamVjdHMvYWF2aXNoa2FyLTc5MjU0L2xvY2F0aW9ucy91cy1jZW50cmFsMS9vcGVyYXRpb25zL29wZXJhdGlvbi0xNzY5NDk1MjUxMDY3LTY0OTU4YjdkZjIzMDktNDk1ODBmZWYtOTA2ZWRmNTc","metadata":{"@type":"type.googleapis.com/google.cloud.functions.v1.OperationMetadataV1","target":"projects/aavishkar-79254/locations/us-central1/functions/nextServer","updateTime":"2026-01-27T06:27:31.476961934Z"}}
[debug] [2026-01-27T06:27:27.556Z] Checked if tokens are valid: true, expires at: 1769498530050
[debug] [2026-01-27T06:27:27.556Z] Checked if tokens are valid: true, expires at: 1769498530050
[debug] [2026-01-27T06:27:27.556Z] >>> [apiv2][query] GET https://cloudfunctions.googleapis.com/v1/operations/cHJvamVjdHMvYWF2aXNoa2FyLTc5MjU0L2xvY2F0aW9ucy91cy1jZW50cmFsMS9vcGVyYXRpb25zL29wZXJhdGlvbi0xNzY5NDk1MjUxMDY3LTY0OTU4YjdkZjIzMDktNDk1ODBmZWYtOTA2ZWRmNTc [none]
[debug] [2026-01-27T06:27:28.007Z] <<< [apiv2][status] GET https://cloudfunctions.googleapis.com/v1/operations/cHJvamVjdHMvYWF2aXNoa2FyLTc5MjU0L2xvY2F0aW9ucy91cy1jZW50cmFsMS9vcGVyYXRpb25zL29wZXJhdGlvbi0xNzY5NDk1MjUxMDY3LTY0OTU4YjdkZjIzMDktNDk1ODBmZWYtOTA2ZWRmNTc 200
[debug] [2026-01-27T06:27:28.007Z] <<< [apiv2][body] GET https://cloudfunctions.googleapis.com/v1/operations/cHJvamVjdHMvYWF2aXNoa2FyLTc5MjU0L2xvY2F0aW9ucy91cy1jZW50cmFsMS9vcGVyYXRpb25zL29wZXJhdGlvbi0xNzY5NDk1MjUxMDY3LTY0OTU4YjdkZjIzMDktNDk1ODBmZWYtOTA2ZWRmNTc {"name":"operations/cHJvamVjdHMvYWF2aXNoa2FyLTc5MjU0L2xvY2F0aW9ucy91cy1jZW50cmFsMS9vcGVyYXRpb25zL29wZXJhdGlvbi0xNzY5NDk1MjUxMDY3LTY0OTU4YjdkZjIzMDktNDk1ODBmZWYtOTA2ZWRmNTc","metadata":{"@type":"type.googleapis.com/google.cloud.functions.v1.OperationMetadataV1","target":"projects/aavishkar-79254/locations/us-central1/functions/nextServer","updateTime":"2026-01-27T06:27:31.476961934Z"}}
[debug] [2026-01-27T06:27:28.510Z] [create-default-us-central1-nextServer] Retrying task index 0
[debug] [2026-01-27T06:27:28.510Z] Checked if tokens are valid: true, expires at: 1769498530050
[debug] [2026-01-27T06:27:28.511Z] Checked if tokens are valid: true, expires at: 1769498530050
[debug] [2026-01-27T06:27:28.511Z] >>> [apiv2][query] GET https://cloudfunctions.googleapis.com/v1/operations/cHJvamVjdHMvYWF2aXNoa2FyLTc5MjU0L2xvY2F0aW9ucy91cy1jZW50cmFsMS9vcGVyYXRpb25zL29wZXJhdGlvbi0xNzY5NDk1MjUxMDY3LTY0OTU4YjdkZjIzMDktNDk1ODBmZWYtOTA2ZWRmNTc [none]
[debug] [2026-01-27T06:27:28.948Z] <<< [apiv2][status] GET https://cloudfunctions.googleapis.com/v1/operations/cHJvamVjdHMvYWF2aXNoa2FyLTc5MjU0L2xvY2F0aW9ucy91cy1jZW50cmFsMS9vcGVyYXRpb25zL29wZXJhdGlvbi0xNzY5NDk1MjUxMDY3LTY0OTU4YjdkZjIzMDktNDk1ODBmZWYtOTA2ZWRmNTc 200
[debug] [2026-01-27T06:27:28.948Z] <<< [apiv2][body] GET https://cloudfunctions.googleapis.com/v1/operations/cHJvamVjdHMvYWF2aXNoa2FyLTc5MjU0L2xvY2F0aW9ucy91cy1jZW50cmFsMS9vcGVyYXRpb25zL29wZXJhdGlvbi0xNzY5NDk1MjUxMDY3LTY0OTU4YjdkZjIzMDktNDk1ODBmZWYtOTA2ZWRmNTc {"name":"operations/cHJvamVjdHMvYWF2aXNoa2FyLTc5MjU0L2xvY2F0aW9ucy91cy1jZW50cmFsMS9vcGVyYXRpb25zL29wZXJhdGlvbi0xNzY5NDk1MjUxMDY3LTY0OTU4YjdkZjIzMDktNDk1ODBmZWYtOTA2ZWRmNTc","metadata":{"@type":"type.googleapis.com/google.cloud.functions.v1.OperationMetadataV1","target":"projects/aavishkar-79254/locations/us-central1/functions/nextServer","type":"CREATE_FUNCTION","request":{"@type":"type.googleapis.com/google.cloud.functions.v1.CloudFunction","name":"projects/aavishkar-79254/locations/us-central1/functions/nextServer","httpsTrigger":{"securityLevel":"SECURE_ALWAYS"},"entryPoint":"nextServer","availableMemoryMb":1024,"updateTime":"1970-01-01T00:00:00Z","labels":{"deployment-tool":"cli-firebase","firebase-functions-hash":"557ec95047cc25c7db8cd660d06579e1e2d25641"},"sourceUploadUrl":"https://storage.googleapis.com/uploads-215580968587.us-central1.cloudfunctions.appspot.com/f6d3c48b-a6f8-4f18-b8b8-65ac88c47785.zip?GoogleAccessId=service-31535047412@gcf-admin-robot.iam.gserviceaccount.com&Expires=1769497044&Signature=kQJFUDcffJod1oCUvem4mDTDa865Cz1XAaiyM4GLe%2FJrKZdt%2Fh5%2B4M2IReTZ5uqV564hBMy7XNN1Js3AKXITLimhgS6F9UlCe7dDSii9FWnbmvL6VwcthC8SqN%2B30u97aUpiDrH0QKcMqVrGzvksoeDJ7f8eJ7pMjaGfzfcpubiCYsc7QKqJNDTqQVJoqPV4pojxu3%2Bk1QgUjHMPkR5ZcC%2B4l1qypEB5lzjYdD3qQ3VcM1Jn7f4dOdCJb0jd8rnyJhh7lL%2Fbwb17J%2F9Pfkpl8vIO8QsiQP51MA3m1%2FZ4S%2Bpx6Hj%2FwGIgPrY2BMqOqCfNBzAotZYZQvfUYyikdImL7A%3D%3D","environmentVariables":{"FIREBASE_CONFIG":"{\"projectId\":\"aavishkar-79254\",\"storageBucket\":\"aavishkar-79254.firebasestorage.app\"}","GCLOUD_PROJECT":"aavishkar-79254","EVENTARC_CLOUD_EVENT_SOURCE":"projects/aavishkar-79254/locations/us-central1/functions/nextServer"},"runtime":"nodejs20","buildEnvironmentVariables":{"GOOGLE_NODE_RUN_SCRIPTS":""},"dockerRegistry":"ARTIFACT_REGISTRY"},"versionId":"1","updateTime":"2026-01-27T06:27:31.476961934Z"}}
[debug] [2026-01-27T06:27:29.960Z] [create-default-us-central1-nextServer] Retrying task index 0
[debug] [2026-01-27T06:27:29.960Z] Checked if tokens are valid: true, expires at: 1769498530050
[debug] [2026-01-27T06:27:29.960Z] Checked if tokens are valid: true, expires at: 1769498530050
[debug] [2026-01-27T06:27:29.961Z] >>> [apiv2][query] GET https://cloudfunctions.googleapis.com/v1/operations/cHJvamVjdHMvYWF2aXNoa2FyLTc5MjU0L2xvY2F0aW9ucy91cy1jZW50cmFsMS9vcGVyYXRpb25zL29wZXJhdGlvbi0xNzY5NDk1MjUxMDY3LTY0OTU4YjdkZjIzMDktNDk1ODBmZWYtOTA2ZWRmNTc [none]
[debug] [2026-01-27T06:27:30.412Z] <<< [apiv2][status] GET https://cloudfunctions.googleapis.com/v1/operations/cHJvamVjdHMvYWF2aXNoa2FyLTc5MjU0L2xvY2F0aW9ucy91cy1jZW50cmFsMS9vcGVyYXRpb25zL29wZXJhdGlvbi0xNzY5NDk1MjUxMDY3LTY0OTU4YjdkZjIzMDktNDk1ODBmZWYtOTA2ZWRmNTc 200
[debug] [2026-01-27T06:27:30.412Z] <<< [apiv2][body] GET https://cloudfunctions.googleapis.com/v1/operations/cHJvamVjdHMvYWF2aXNoa2FyLTc5MjU0L2xvY2F0aW9ucy91cy1jZW50cmFsMS9vcGVyYXRpb25zL29wZXJhdGlvbi0xNzY5NDk1MjUxMDY3LTY0OTU4YjdkZjIzMDktNDk1ODBmZWYtOTA2ZWRmNTc {"name":"operations/cHJvamVjdHMvYWF2aXNoa2FyLTc5MjU0L2xvY2F0aW9ucy91cy1jZW50cmFsMS9vcGVyYXRpb25zL29wZXJhdGlvbi0xNzY5NDk1MjUxMDY3LTY0OTU4YjdkZjIzMDktNDk1ODBmZWYtOTA2ZWRmNTc","metadata":{"@type":"type.googleapis.com/google.cloud.functions.v1.OperationMetadataV1","target":"projects/aavishkar-79254/locations/us-central1/functions/nextServer","type":"CREATE_FUNCTION","request":{"@type":"type.googleapis.com/google.cloud.functions.v1.CloudFunction","name":"projects/aavishkar-79254/locations/us-central1/functions/nextServer","httpsTrigger":{"securityLevel":"SECURE_ALWAYS"},"entryPoint":"nextServer","availableMemoryMb":1024,"updateTime":"1970-01-01T00:00:00Z","labels":{"deployment-tool":"cli-firebase","firebase-functions-hash":"557ec95047cc25c7db8cd660d06579e1e2d25641"},"sourceUploadUrl":"https://storage.googleapis.com/uploads-215580968587.us-central1.cloudfunctions.appspot.com/f6d3c48b-a6f8-4f18-b8b8-65ac88c47785.zip?GoogleAccessId=service-31535047412@gcf-admin-robot.iam.gserviceaccount.com&Expires=1769497044&Signature=kQJFUDcffJod1oCUvem4mDTDa865Cz1XAaiyM4GLe%2FJrKZdt%2Fh5%2B4M2IReTZ5uqV564hBMy7XNN1Js3AKXITLimhgS6F9UlCe7dDSii9FWnbmvL6VwcthC8SqN%2B30u97aUpiDrH0QKcMqVrGzvksoeDJ7f8eJ7pMjaGfzfcpubiCYsc7QKqJNDTqQVJoqPV4pojxu3%2Bk1QgUjHMPkR5ZcC%2B4l1qypEB5lzjYdD3qQ3VcM1Jn7f4dOdCJb0jd8rnyJhh7lL%2Fbwb17J%2F9Pfkpl8vIO8QsiQP51MA3m1%2FZ4S%2Bpx6Hj%2FwGIgPrY2BMqOqCfNBzAotZYZQvfUYyikdImL7A%3D%3D","environmentVariables":{"FIREBASE_CONFIG":"{\"projectId\":\"aavishkar-79254\",\"storageBucket\":\"aavishkar-79254.firebasestorage.app\"}","GCLOUD_PROJECT":"aavishkar-79254","EVENTARC_CLOUD_EVENT_SOURCE":"projects/aavishkar-79254/locations/us-central1/functions/nextServer"},"runtime":"nodejs20","buildEnvironmentVariables":{"GOOGLE_NODE_RUN_SCRIPTS":""},"dockerRegistry":"ARTIFACT_REGISTRY"},"versionId":"1","updateTime":"2026-01-27T06:27:31.476961934Z"}}
[debug] [2026-01-27T06:27:32.418Z] [create-default-us-central1-nextServer] Retrying task index 0
[debug] [2026-01-27T06:27:32.418Z] Checked if tokens are valid: true, expires at: 1769498530050
[debug] [2026-01-27T06:27:32.418Z] Checked if tokens are valid: true, expires at: 1769498530050
[debug] [2026-01-27T06:27:32.419Z] >>> [apiv2][query] GET https://cloudfunctions.googleapis.com/v1/operations/cHJvamVjdHMvYWF2aXNoa2FyLTc5MjU0L2xvY2F0aW9ucy91cy1jZW50cmFsMS9vcGVyYXRpb25zL29wZXJhdGlvbi0xNzY5NDk1MjUxMDY3LTY0OTU4YjdkZjIzMDktNDk1ODBmZWYtOTA2ZWRmNTc [none]
[debug] [2026-01-27T06:27:32.852Z] <<< [apiv2][status] GET https://cloudfunctions.googleapis.com/v1/operations/cHJvamVjdHMvYWF2aXNoa2FyLTc5MjU0L2xvY2F0aW9ucy91cy1jZW50cmFsMS9vcGVyYXRpb25zL29wZXJhdGlvbi0xNzY5NDk1MjUxMDY3LTY0OTU4YjdkZjIzMDktNDk1ODBmZWYtOTA2ZWRmNTc 200
[debug] [2026-01-27T06:27:32.852Z] <<< [apiv2][body] GET https://cloudfunctions.googleapis.com/v1/operations/cHJvamVjdHMvYWF2aXNoa2FyLTc5MjU0L2xvY2F0aW9ucy91cy1jZW50cmFsMS9vcGVyYXRpb25zL29wZXJhdGlvbi0xNzY5NDk1MjUxMDY3LTY0OTU4YjdkZjIzMDktNDk1ODBmZWYtOTA2ZWRmNTc {"name":"operations/cHJvamVjdHMvYWF2aXNoa2FyLTc5MjU0L2xvY2F0aW9ucy91cy1jZW50cmFsMS9vcGVyYXRpb25zL29wZXJhdGlvbi0xNzY5NDk1MjUxMDY3LTY0OTU4YjdkZjIzMDktNDk1ODBmZWYtOTA2ZWRmNTc","metadata":{"@type":"type.googleapis.com/google.cloud.functions.v1.OperationMetadataV1","target":"projects/aavishkar-79254/locations/us-central1/functions/nextServer","type":"CREATE_FUNCTION","request":{"@type":"type.googleapis.com/google.cloud.functions.v1.CloudFunction","name":"projects/aavishkar-79254/locations/us-central1/functions/nextServer","httpsTrigger":{"securityLevel":"SECURE_ALWAYS"},"entryPoint":"nextServer","availableMemoryMb":1024,"updateTime":"1970-01-01T00:00:00Z","labels":{"deployment-tool":"cli-firebase","firebase-functions-hash":"557ec95047cc25c7db8cd660d06579e1e2d25641"},"sourceUploadUrl":"https://storage.googleapis.com/uploads-215580968587.us-central1.cloudfunctions.appspot.com/f6d3c48b-a6f8-4f18-b8b8-65ac88c47785.zip?GoogleAccessId=service-31535047412@gcf-admin-robot.iam.gserviceaccount.com&Expires=1769497044&Signature=kQJFUDcffJod1oCUvem4mDTDa865Cz1XAaiyM4GLe%2FJrKZdt%2Fh5%2B4M2IReTZ5uqV564hBMy7XNN1Js3AKXITLimhgS6F9UlCe7dDSii9FWnbmvL6VwcthC8SqN%2B30u97aUpiDrH0QKcMqVrGzvksoeDJ7f8eJ7pMjaGfzfcpubiCYsc7QKqJNDTqQVJoqPV4pojxu3%2Bk1QgUjHMPkR5ZcC%2B4l1qypEB5lzjYdD3qQ3VcM1Jn7f4dOdCJb0jd8rnyJhh7lL%2Fbwb17J%2F9Pfkpl8vIO8QsiQP51MA3m1%2FZ4S%2Bpx6Hj%2FwGIgPrY2BMqOqCfNBzAotZYZQvfUYyikdImL7A%3D%3D","environmentVariables":{"FIREBASE_CONFIG":"{\"projectId\":\"aavishkar-79254\",\"storageBucket\":\"aavishkar-79254.firebasestorage.app\"}","GCLOUD_PROJECT":"aavishkar-79254","EVENTARC_CLOUD_EVENT_SOURCE":"projects/aavishkar-79254/locations/us-central1/functions/nextServer"},"runtime":"nodejs20","buildEnvironmentVariables":{"GOOGLE_NODE_RUN_SCRIPTS":""},"dockerRegistry":"ARTIFACT_REGISTRY"},"versionId":"1","updateTime":"2026-01-27T06:27:31.476961934Z"}}
[debug] [2026-01-27T06:27:36.868Z] [create-default-us-central1-nextServer] Retrying task index 0
[debug] [2026-01-27T06:27:36.868Z] Checked if tokens are valid: true, expires at: 1769498530050
[debug] [2026-01-27T06:27:36.868Z] Checked if tokens are valid: true, expires at: 1769498530050
[debug] [2026-01-27T06:27:36.869Z] >>> [apiv2][query] GET https://cloudfunctions.googleapis.com/v1/operations/cHJvamVjdHMvYWF2aXNoa2FyLTc5MjU0L2xvY2F0aW9ucy91cy1jZW50cmFsMS9vcGVyYXRpb25zL29wZXJhdGlvbi0xNzY5NDk1MjUxMDY3LTY0OTU4YjdkZjIzMDktNDk1ODBmZWYtOTA2ZWRmNTc [none]
[debug] [2026-01-27T06:27:37.341Z] <<< [apiv2][status] GET https://cloudfunctions.googleapis.com/v1/operations/cHJvamVjdHMvYWF2aXNoa2FyLTc5MjU0L2xvY2F0aW9ucy91cy1jZW50cmFsMS9vcGVyYXRpb25zL29wZXJhdGlvbi0xNzY5NDk1MjUxMDY3LTY0OTU4YjdkZjIzMDktNDk1ODBmZWYtOTA2ZWRmNTc 200
[debug] [2026-01-27T06:27:37.342Z] <<< [apiv2][body] GET https://cloudfunctions.googleapis.com/v1/operations/cHJvamVjdHMvYWF2aXNoa2FyLTc5MjU0L2xvY2F0aW9ucy91cy1jZW50cmFsMS9vcGVyYXRpb25zL29wZXJhdGlvbi0xNzY5NDk1MjUxMDY3LTY0OTU4YjdkZjIzMDktNDk1ODBmZWYtOTA2ZWRmNTc {"name":"operations/cHJvamVjdHMvYWF2aXNoa2FyLTc5MjU0L2xvY2F0aW9ucy91cy1jZW50cmFsMS9vcGVyYXRpb25zL29wZXJhdGlvbi0xNzY5NDk1MjUxMDY3LTY0OTU4YjdkZjIzMDktNDk1ODBmZWYtOTA2ZWRmNTc","metadata":{"@type":"type.googleapis.com/google.cloud.functions.v1.OperationMetadataV1","target":"projects/aavishkar-79254/locations/us-central1/functions/nextServer","type":"CREATE_FUNCTION","request":{"@type":"type.googleapis.com/google.cloud.functions.v1.CloudFunction","name":"projects/aavishkar-79254/locations/us-central1/functions/nextServer","httpsTrigger":{"securityLevel":"SECURE_ALWAYS"},"entryPoint":"nextServer","availableMemoryMb":1024,"updateTime":"1970-01-01T00:00:00Z","labels":{"deployment-tool":"cli-firebase","firebase-functions-hash":"557ec95047cc25c7db8cd660d06579e1e2d25641"},"sourceUploadUrl":"https://storage.googleapis.com/uploads-215580968587.us-central1.cloudfunctions.appspot.com/f6d3c48b-a6f8-4f18-b8b8-65ac88c47785.zip?GoogleAccessId=service-31535047412@gcf-admin-robot.iam.gserviceaccount.com&Expires=1769497044&Signature=kQJFUDcffJod1oCUvem4mDTDa865Cz1XAaiyM4GLe%2FJrKZdt%2Fh5%2B4M2IReTZ5uqV564hBMy7XNN1Js3AKXITLimhgS6F9UlCe7dDSii9FWnbmvL6VwcthC8SqN%2B30u97aUpiDrH0QKcMqVrGzvksoeDJ7f8eJ7pMjaGfzfcpubiCYsc7QKqJNDTqQVJoqPV4pojxu3%2Bk1QgUjHMPkR5ZcC%2B4l1qypEB5lzjYdD3qQ3VcM1Jn7f4dOdCJb0jd8rnyJhh7lL%2Fbwb17J%2F9Pfkpl8vIO8QsiQP51MA3m1%2FZ4S%2Bpx6Hj%2FwGIgPrY2BMqOqCfNBzAotZYZQvfUYyikdImL7A%3D%3D","environmentVariables":{"FIREBASE_CONFIG":"{\"projectId\":\"aavishkar-79254\",\"storageBucket\":\"aavishkar-79254.firebasestorage.app\"}","GCLOUD_PROJECT":"aavishkar-79254","EVENTARC_CLOUD_EVENT_SOURCE":"projects/aavishkar-79254/locations/us-central1/functions/nextServer"},"runtime":"nodejs20","buildEnvironmentVariables":{"GOOGLE_NODE_RUN_SCRIPTS":""},"dockerRegistry":"ARTIFACT_REGISTRY"},"versionId":"1","updateTime":"2026-01-27T06:27:31.476961934Z"}}
[debug] [2026-01-27T06:27:45.344Z] [create-default-us-central1-nextServer] Retrying task index 0
[debug] [2026-01-27T06:27:45.344Z] Checked if tokens are valid: true, expires at: 1769498530050
[debug] [2026-01-27T06:27:45.344Z] Checked if tokens are valid: true, expires at: 1769498530050
[debug] [2026-01-27T06:27:45.344Z] >>> [apiv2][query] GET https://cloudfunctions.googleapis.com/v1/operations/cHJvamVjdHMvYWF2aXNoa2FyLTc5MjU0L2xvY2F0aW9ucy91cy1jZW50cmFsMS9vcGVyYXRpb25zL29wZXJhdGlvbi0xNzY5NDk1MjUxMDY3LTY0OTU4YjdkZjIzMDktNDk1ODBmZWYtOTA2ZWRmNTc [none]
[debug] [2026-01-27T06:27:46.022Z] <<< [apiv2][status] GET https://cloudfunctions.googleapis.com/v1/operations/cHJvamVjdHMvYWF2aXNoa2FyLTc5MjU0L2xvY2F0aW9ucy91cy1jZW50cmFsMS9vcGVyYXRpb25zL29wZXJhdGlvbi0xNzY5NDk1MjUxMDY3LTY0OTU4YjdkZjIzMDktNDk1ODBmZWYtOTA2ZWRmNTc 200
[debug] [2026-01-27T06:27:46.022Z] <<< [apiv2][body] GET https://cloudfunctions.googleapis.com/v1/operations/cHJvamVjdHMvYWF2aXNoa2FyLTc5MjU0L2xvY2F0aW9ucy91cy1jZW50cmFsMS9vcGVyYXRpb25zL29wZXJhdGlvbi0xNzY5NDk1MjUxMDY3LTY0OTU4YjdkZjIzMDktNDk1ODBmZWYtOTA2ZWRmNTc {"name":"operations/cHJvamVjdHMvYWF2aXNoa2FyLTc5MjU0L2xvY2F0aW9ucy91cy1jZW50cmFsMS9vcGVyYXRpb25zL29wZXJhdGlvbi0xNzY5NDk1MjUxMDY3LTY0OTU4YjdkZjIzMDktNDk1ODBmZWYtOTA2ZWRmNTc","metadata":{"@type":"type.googleapis.com/google.cloud.functions.v1.OperationMetadataV1","target":"projects/aavishkar-79254/locations/us-central1/functions/nextServer","type":"CREATE_FUNCTION","request":{"@type":"type.googleapis.com/google.cloud.functions.v1.CloudFunction","name":"projects/aavishkar-79254/locations/us-central1/functions/nextServer","httpsTrigger":{"securityLevel":"SECURE_ALWAYS"},"entryPoint":"nextServer","availableMemoryMb":1024,"updateTime":"1970-01-01T00:00:00Z","labels":{"deployment-tool":"cli-firebase","firebase-functions-hash":"557ec95047cc25c7db8cd660d06579e1e2d25641"},"sourceUploadUrl":"https://storage.googleapis.com/uploads-215580968587.us-central1.cloudfunctions.appspot.com/f6d3c48b-a6f8-4f18-b8b8-65ac88c47785.zip?GoogleAccessId=service-31535047412@gcf-admin-robot.iam.gserviceaccount.com&Expires=1769497044&Signature=kQJFUDcffJod1oCUvem4mDTDa865Cz1XAaiyM4GLe%2FJrKZdt%2Fh5%2B4M2IReTZ5uqV564hBMy7XNN1Js3AKXITLimhgS6F9UlCe7dDSii9FWnbmvL6VwcthC8SqN%2B30u97aUpiDrH0QKcMqVrGzvksoeDJ7f8eJ7pMjaGfzfcpubiCYsc7QKqJNDTqQVJoqPV4pojxu3%2Bk1QgUjHMPkR5ZcC%2B4l1qypEB5lzjYdD3qQ3VcM1Jn7f4dOdCJb0jd8rnyJhh7lL%2Fbwb17J%2F9Pfkpl8vIO8QsiQP51MA3m1%2FZ4S%2Bpx6Hj%2FwGIgPrY2BMqOqCfNBzAotZYZQvfUYyikdImL7A%3D%3D","environmentVariables":{"FIREBASE_CONFIG":"{\"projectId\":\"aavishkar-79254\",\"storageBucket\":\"aavishkar-79254.firebasestorage.app\"}","GCLOUD_PROJECT":"aavishkar-79254","EVENTARC_CLOUD_EVENT_SOURCE":"projects/aavishkar-79254/locations/us-central1/functions/nextServer"},"runtime":"nodejs20","buildEnvironmentVariables":{"GOOGLE_NODE_RUN_SCRIPTS":""},"dockerRegistry":"ARTIFACT_REGISTRY"},"versionId":"1","updateTime":"2026-01-27T06:27:31.476961934Z","buildId":"32026eba-a500-4136-a6f9-d3f09d810c4a","buildName":"projects/31535047412/locations/us-central1/builds/32026eba-a500-4136-a6f9-d3f09d810c4a"}}
[debug] [2026-01-27T06:27:56.039Z] [create-default-us-central1-nextServer] Retrying task index 0
[debug] [2026-01-27T06:27:56.039Z] Checked if tokens are valid: true, expires at: 1769498530050
[debug] [2026-01-27T06:27:56.039Z] Checked if tokens are valid: true, expires at: 1769498530050
[debug] [2026-01-27T06:27:56.040Z] >>> [apiv2][query] GET https://cloudfunctions.googleapis.com/v1/operations/cHJvamVjdHMvYWF2aXNoa2FyLTc5MjU0L2xvY2F0aW9ucy91cy1jZW50cmFsMS9vcGVyYXRpb25zL29wZXJhdGlvbi0xNzY5NDk1MjUxMDY3LTY0OTU4YjdkZjIzMDktNDk1ODBmZWYtOTA2ZWRmNTc [none]
[debug] [2026-01-27T06:27:56.863Z] <<< [apiv2][status] GET https://cloudfunctions.googleapis.com/v1/operations/cHJvamVjdHMvYWF2aXNoa2FyLTc5MjU0L2xvY2F0aW9ucy91cy1jZW50cmFsMS9vcGVyYXRpb25zL29wZXJhdGlvbi0xNzY5NDk1MjUxMDY3LTY0OTU4YjdkZjIzMDktNDk1ODBmZWYtOTA2ZWRmNTc 200
[debug] [2026-01-27T06:27:56.863Z] <<< [apiv2][body] GET https://cloudfunctions.googleapis.com/v1/operations/cHJvamVjdHMvYWF2aXNoa2FyLTc5MjU0L2xvY2F0aW9ucy91cy1jZW50cmFsMS9vcGVyYXRpb25zL29wZXJhdGlvbi0xNzY5NDk1MjUxMDY3LTY0OTU4YjdkZjIzMDktNDk1ODBmZWYtOTA2ZWRmNTc {"name":"operations/cHJvamVjdHMvYWF2aXNoa2FyLTc5MjU0L2xvY2F0aW9ucy91cy1jZW50cmFsMS9vcGVyYXRpb25zL29wZXJhdGlvbi0xNzY5NDk1MjUxMDY3LTY0OTU4YjdkZjIzMDktNDk1ODBmZWYtOTA2ZWRmNTc","metadata":{"@type":"type.googleapis.com/google.cloud.functions.v1.OperationMetadataV1","target":"projects/aavishkar-79254/locations/us-central1/functions/nextServer","type":"CREATE_FUNCTION","request":{"@type":"type.googleapis.com/google.cloud.functions.v1.CloudFunction","name":"projects/aavishkar-79254/locations/us-central1/functions/nextServer","httpsTrigger":{"securityLevel":"SECURE_ALWAYS"},"entryPoint":"nextServer","availableMemoryMb":1024,"updateTime":"1970-01-01T00:00:00Z","labels":{"deployment-tool":"cli-firebase","firebase-functions-hash":"557ec95047cc25c7db8cd660d06579e1e2d25641"},"sourceUploadUrl":"https://storage.googleapis.com/uploads-215580968587.us-central1.cloudfunctions.appspot.com/f6d3c48b-a6f8-4f18-b8b8-65ac88c47785.zip?GoogleAccessId=service-31535047412@gcf-admin-robot.iam.gserviceaccount.com&Expires=1769497044&Signature=kQJFUDcffJod1oCUvem4mDTDa865Cz1XAaiyM4GLe%2FJrKZdt%2Fh5%2B4M2IReTZ5uqV564hBMy7XNN1Js3AKXITLimhgS6F9UlCe7dDSii9FWnbmvL6VwcthC8SqN%2B30u97aUpiDrH0QKcMqVrGzvksoeDJ7f8eJ7pMjaGfzfcpubiCYsc7QKqJNDTqQVJoqPV4pojxu3%2Bk1QgUjHMPkR5ZcC%2B4l1qypEB5lzjYdD3qQ3VcM1Jn7f4dOdCJb0jd8rnyJhh7lL%2Fbwb17J%2F9Pfkpl8vIO8QsiQP51MA3m1%2FZ4S%2Bpx6Hj%2FwGIgPrY2BMqOqCfNBzAotZYZQvfUYyikdImL7A%3D%3D","environmentVariables":{"FIREBASE_CONFIG":"{\"projectId\":\"aavishkar-79254\",\"storageBucket\":\"aavishkar-79254.firebasestorage.app\"}","GCLOUD_PROJECT":"aavishkar-79254","EVENTARC_CLOUD_EVENT_SOURCE":"projects/aavishkar-79254/locations/us-central1/functions/nextServer"},"runtime":"nodejs20","buildEnvironmentVariables":{"GOOGLE_NODE_RUN_SCRIPTS":""},"dockerRegistry":"ARTIFACT_REGISTRY"},"versionId":"1","updateTime":"2026-01-27T06:27:31.476961934Z","buildId":"32026eba-a500-4136-a6f9-d3f09d810c4a","buildName":"projects/31535047412/locations/us-central1/builds/32026eba-a500-4136-a6f9-d3f09d810c4a"}}
[debug] [2026-01-27T06:28:06.866Z] [create-default-us-central1-nextServer] Retrying task index 0
[debug] [2026-01-27T06:28:06.866Z] Checked if tokens are valid: true, expires at: 1769498530050
[debug] [2026-01-27T06:28:06.867Z] Checked if tokens are valid: true, expires at: 1769498530050
[debug] [2026-01-27T06:28:06.867Z] >>> [apiv2][query] GET https://cloudfunctions.googleapis.com/v1/operations/cHJvamVjdHMvYWF2aXNoa2FyLTc5MjU0L2xvY2F0aW9ucy91cy1jZW50cmFsMS9vcGVyYXRpb25zL29wZXJhdGlvbi0xNzY5NDk1MjUxMDY3LTY0OTU4YjdkZjIzMDktNDk1ODBmZWYtOTA2ZWRmNTc [none]
[debug] [2026-01-27T06:28:07.463Z] <<< [apiv2][status] GET https://cloudfunctions.googleapis.com/v1/operations/cHJvamVjdHMvYWF2aXNoa2FyLTc5MjU0L2xvY2F0aW9ucy91cy1jZW50cmFsMS9vcGVyYXRpb25zL29wZXJhdGlvbi0xNzY5NDk1MjUxMDY3LTY0OTU4YjdkZjIzMDktNDk1ODBmZWYtOTA2ZWRmNTc 200
[debug] [2026-01-27T06:28:07.463Z] <<< [apiv2][body] GET https://cloudfunctions.googleapis.com/v1/operations/cHJvamVjdHMvYWF2aXNoa2FyLTc5MjU0L2xvY2F0aW9ucy91cy1jZW50cmFsMS9vcGVyYXRpb25zL29wZXJhdGlvbi0xNzY5NDk1MjUxMDY3LTY0OTU4YjdkZjIzMDktNDk1ODBmZWYtOTA2ZWRmNTc {"name":"operations/cHJvamVjdHMvYWF2aXNoa2FyLTc5MjU0L2xvY2F0aW9ucy91cy1jZW50cmFsMS9vcGVyYXRpb25zL29wZXJhdGlvbi0xNzY5NDk1MjUxMDY3LTY0OTU4YjdkZjIzMDktNDk1ODBmZWYtOTA2ZWRmNTc","metadata":{"@type":"type.googleapis.com/google.cloud.functions.v1.OperationMetadataV1","target":"projects/aavishkar-79254/locations/us-central1/functions/nextServer","type":"CREATE_FUNCTION","request":{"@type":"type.googleapis.com/google.cloud.functions.v1.CloudFunction","name":"projects/aavishkar-79254/locations/us-central1/functions/nextServer","httpsTrigger":{"securityLevel":"SECURE_ALWAYS"},"entryPoint":"nextServer","availableMemoryMb":1024,"updateTime":"1970-01-01T00:00:00Z","labels":{"deployment-tool":"cli-firebase","firebase-functions-hash":"557ec95047cc25c7db8cd660d06579e1e2d25641"},"sourceUploadUrl":"https://storage.googleapis.com/uploads-215580968587.us-central1.cloudfunctions.appspot.com/f6d3c48b-a6f8-4f18-b8b8-65ac88c47785.zip?GoogleAccessId=service-31535047412@gcf-admin-robot.iam.gserviceaccount.com&Expires=1769497044&Signature=kQJFUDcffJod1oCUvem4mDTDa865Cz1XAaiyM4GLe%2FJrKZdt%2Fh5%2B4M2IReTZ5uqV564hBMy7XNN1Js3AKXITLimhgS6F9UlCe7dDSii9FWnbmvL6VwcthC8SqN%2B30u97aUpiDrH0QKcMqVrGzvksoeDJ7f8eJ7pMjaGfzfcpubiCYsc7QKqJNDTqQVJoqPV4pojxu3%2Bk1QgUjHMPkR5ZcC%2B4l1qypEB5lzjYdD3qQ3VcM1Jn7f4dOdCJb0jd8rnyJhh7lL%2Fbwb17J%2F9Pfkpl8vIO8QsiQP51MA3m1%2FZ4S%2Bpx6Hj%2FwGIgPrY2BMqOqCfNBzAotZYZQvfUYyikdImL7A%3D%3D","environmentVariables":{"FIREBASE_CONFIG":"{\"projectId\":\"aavishkar-79254\",\"storageBucket\":\"aavishkar-79254.firebasestorage.app\"}","GCLOUD_PROJECT":"aavishkar-79254","EVENTARC_CLOUD_EVENT_SOURCE":"projects/aavishkar-79254/locations/us-central1/functions/nextServer"},"runtime":"nodejs20","buildEnvironmentVariables":{"GOOGLE_NODE_RUN_SCRIPTS":""},"dockerRegistry":"ARTIFACT_REGISTRY"},"versionId":"1","updateTime":"2026-01-27T06:27:31.476961934Z","buildId":"32026eba-a500-4136-a6f9-d3f09d810c4a","buildName":"projects/31535047412/locations/us-central1/builds/32026eba-a500-4136-a6f9-d3f09d810c4a"}}
[debug] [2026-01-27T06:28:17.466Z] [create-default-us-central1-nextServer] Retrying task index 0
[debug] [2026-01-27T06:28:17.466Z] Checked if tokens are valid: true, expires at: 1769498530050
[debug] [2026-01-27T06:28:17.466Z] Checked if tokens are valid: true, expires at: 1769498530050
[debug] [2026-01-27T06:28:17.466Z] >>> [apiv2][query] GET https://cloudfunctions.googleapis.com/v1/operations/cHJvamVjdHMvYWF2aXNoa2FyLTc5MjU0L2xvY2F0aW9ucy91cy1jZW50cmFsMS9vcGVyYXRpb25zL29wZXJhdGlvbi0xNzY5NDk1MjUxMDY3LTY0OTU4YjdkZjIzMDktNDk1ODBmZWYtOTA2ZWRmNTc [none]
[debug] [2026-01-27T06:28:18.220Z] <<< [apiv2][status] GET https://cloudfunctions.googleapis.com/v1/operations/cHJvamVjdHMvYWF2aXNoa2FyLTc5MjU0L2xvY2F0aW9ucy91cy1jZW50cmFsMS9vcGVyYXRpb25zL29wZXJhdGlvbi0xNzY5NDk1MjUxMDY3LTY0OTU4YjdkZjIzMDktNDk1ODBmZWYtOTA2ZWRmNTc 200
[debug] [2026-01-27T06:28:18.220Z] <<< [apiv2][body] GET https://cloudfunctions.googleapis.com/v1/operations/cHJvamVjdHMvYWF2aXNoa2FyLTc5MjU0L2xvY2F0aW9ucy91cy1jZW50cmFsMS9vcGVyYXRpb25zL29wZXJhdGlvbi0xNzY5NDk1MjUxMDY3LTY0OTU4YjdkZjIzMDktNDk1ODBmZWYtOTA2ZWRmNTc {"name":"operations/cHJvamVjdHMvYWF2aXNoa2FyLTc5MjU0L2xvY2F0aW9ucy91cy1jZW50cmFsMS9vcGVyYXRpb25zL29wZXJhdGlvbi0xNzY5NDk1MjUxMDY3LTY0OTU4YjdkZjIzMDktNDk1ODBmZWYtOTA2ZWRmNTc","metadata":{"@type":"type.googleapis.com/google.cloud.functions.v1.OperationMetadataV1","target":"projects/aavishkar-79254/locations/us-central1/functions/nextServer","type":"CREATE_FUNCTION","request":{"@type":"type.googleapis.com/google.cloud.functions.v1.CloudFunction","name":"projects/aavishkar-79254/locations/us-central1/functions/nextServer","httpsTrigger":{"securityLevel":"SECURE_ALWAYS"},"entryPoint":"nextServer","availableMemoryMb":1024,"updateTime":"1970-01-01T00:00:00Z","labels":{"deployment-tool":"cli-firebase","firebase-functions-hash":"557ec95047cc25c7db8cd660d06579e1e2d25641"},"sourceUploadUrl":"https://storage.googleapis.com/uploads-215580968587.us-central1.cloudfunctions.appspot.com/f6d3c48b-a6f8-4f18-b8b8-65ac88c47785.zip?GoogleAccessId=service-31535047412@gcf-admin-robot.iam.gserviceaccount.com&Expires=1769497044&Signature=kQJFUDcffJod1oCUvem4mDTDa865Cz1XAaiyM4GLe%2FJrKZdt%2Fh5%2B4M2IReTZ5uqV564hBMy7XNN1Js3AKXITLimhgS6F9UlCe7dDSii9FWnbmvL6VwcthC8SqN%2B30u97aUpiDrH0QKcMqVrGzvksoeDJ7f8eJ7pMjaGfzfcpubiCYsc7QKqJNDTqQVJoqPV4pojxu3%2Bk1QgUjHMPkR5ZcC%2B4l1qypEB5lzjYdD3qQ3VcM1Jn7f4dOdCJb0jd8rnyJhh7lL%2Fbwb17J%2F9Pfkpl8vIO8QsiQP51MA3m1%2FZ4S%2Bpx6Hj%2FwGIgPrY2BMqOqCfNBzAotZYZQvfUYyikdImL7A%3D%3D","environmentVariables":{"FIREBASE_CONFIG":"{\"projectId\":\"aavishkar-79254\",\"storageBucket\":\"aavishkar-79254.firebasestorage.app\"}","GCLOUD_PROJECT":"aavishkar-79254","EVENTARC_CLOUD_EVENT_SOURCE":"projects/aavishkar-79254/locations/us-central1/functions/nextServer"},"runtime":"nodejs20","buildEnvironmentVariables":{"GOOGLE_NODE_RUN_SCRIPTS":""},"dockerRegistry":"ARTIFACT_REGISTRY"},"versionId":"1","updateTime":"2026-01-27T06:27:31.476961934Z","buildId":"32026eba-a500-4136-a6f9-d3f09d810c4a","buildName":"projects/31535047412/locations/us-central1/builds/32026eba-a500-4136-a6f9-d3f09d810c4a"}}
[debug] [2026-01-27T06:28:28.226Z] [create-default-us-central1-nextServer] Retrying task index 0
[debug] [2026-01-27T06:28:28.226Z] Checked if tokens are valid: true, expires at: 1769498530050
[debug] [2026-01-27T06:28:28.226Z] Checked if tokens are valid: true, expires at: 1769498530050
[debug] [2026-01-27T06:28:28.227Z] >>> [apiv2][query] GET https://cloudfunctions.googleapis.com/v1/operations/cHJvamVjdHMvYWF2aXNoa2FyLTc5MjU0L2xvY2F0aW9ucy91cy1jZW50cmFsMS9vcGVyYXRpb25zL29wZXJhdGlvbi0xNzY5NDk1MjUxMDY3LTY0OTU4YjdkZjIzMDktNDk1ODBmZWYtOTA2ZWRmNTc [none]
[debug] [2026-01-27T06:28:28.839Z] <<< [apiv2][status] GET https://cloudfunctions.googleapis.com/v1/operations/cHJvamVjdHMvYWF2aXNoa2FyLTc5MjU0L2xvY2F0aW9ucy91cy1jZW50cmFsMS9vcGVyYXRpb25zL29wZXJhdGlvbi0xNzY5NDk1MjUxMDY3LTY0OTU4YjdkZjIzMDktNDk1ODBmZWYtOTA2ZWRmNTc 200
[debug] [2026-01-27T06:28:28.839Z] <<< [apiv2][body] GET https://cloudfunctions.googleapis.com/v1/operations/cHJvamVjdHMvYWF2aXNoa2FyLTc5MjU0L2xvY2F0aW9ucy91cy1jZW50cmFsMS9vcGVyYXRpb25zL29wZXJhdGlvbi0xNzY5NDk1MjUxMDY3LTY0OTU4YjdkZjIzMDktNDk1ODBmZWYtOTA2ZWRmNTc {"name":"operations/cHJvamVjdHMvYWF2aXNoa2FyLTc5MjU0L2xvY2F0aW9ucy91cy1jZW50cmFsMS9vcGVyYXRpb25zL29wZXJhdGlvbi0xNzY5NDk1MjUxMDY3LTY0OTU4YjdkZjIzMDktNDk1ODBmZWYtOTA2ZWRmNTc","metadata":{"@type":"type.googleapis.com/google.cloud.functions.v1.OperationMetadataV1","target":"projects/aavishkar-79254/locations/us-central1/functions/nextServer","type":"CREATE_FUNCTION","request":{"@type":"type.googleapis.com/google.cloud.functions.v1.CloudFunction","name":"projects/aavishkar-79254/locations/us-central1/functions/nextServer","httpsTrigger":{"securityLevel":"SECURE_ALWAYS"},"entryPoint":"nextServer","availableMemoryMb":1024,"updateTime":"1970-01-01T00:00:00Z","labels":{"deployment-tool":"cli-firebase","firebase-functions-hash":"557ec95047cc25c7db8cd660d06579e1e2d25641"},"sourceUploadUrl":"https://storage.googleapis.com/uploads-215580968587.us-central1.cloudfunctions.appspot.com/f6d3c48b-a6f8-4f18-b8b8-65ac88c47785.zip?GoogleAccessId=service-31535047412@gcf-admin-robot.iam.gserviceaccount.com&Expires=1769497044&Signature=kQJFUDcffJod1oCUvem4mDTDa865Cz1XAaiyM4GLe%2FJrKZdt%2Fh5%2B4M2IReTZ5uqV564hBMy7XNN1Js3AKXITLimhgS6F9UlCe7dDSii9FWnbmvL6VwcthC8SqN%2B30u97aUpiDrH0QKcMqVrGzvksoeDJ7f8eJ7pMjaGfzfcpubiCYsc7QKqJNDTqQVJoqPV4pojxu3%2Bk1QgUjHMPkR5ZcC%2B4l1qypEB5lzjYdD3qQ3VcM1Jn7f4dOdCJb0jd8rnyJhh7lL%2Fbwb17J%2F9Pfkpl8vIO8QsiQP51MA3m1%2FZ4S%2Bpx6Hj%2FwGIgPrY2BMqOqCfNBzAotZYZQvfUYyikdImL7A%3D%3D","environmentVariables":{"FIREBASE_CONFIG":"{\"projectId\":\"aavishkar-79254\",\"storageBucket\":\"aavishkar-79254.firebasestorage.app\"}","GCLOUD_PROJECT":"aavishkar-79254","EVENTARC_CLOUD_EVENT_SOURCE":"projects/aavishkar-79254/locations/us-central1/functions/nextServer"},"runtime":"nodejs20","buildEnvironmentVariables":{"GOOGLE_NODE_RUN_SCRIPTS":""},"dockerRegistry":"ARTIFACT_REGISTRY"},"versionId":"1","updateTime":"2026-01-27T06:27:31.476961934Z","buildId":"32026eba-a500-4136-a6f9-d3f09d810c4a","buildName":"projects/31535047412/locations/us-central1/builds/32026eba-a500-4136-a6f9-d3f09d810c4a"}}
[debug] [2026-01-27T06:28:38.846Z] [create-default-us-central1-nextServer] Retrying task index 0
[debug] [2026-01-27T06:28:38.847Z] Checked if tokens are valid: true, expires at: 1769498530050
[debug] [2026-01-27T06:28:38.847Z] Checked if tokens are valid: true, expires at: 1769498530050
[debug] [2026-01-27T06:28:38.847Z] >>> [apiv2][query] GET https://cloudfunctions.googleapis.com/v1/operations/cHJvamVjdHMvYWF2aXNoa2FyLTc5MjU0L2xvY2F0aW9ucy91cy1jZW50cmFsMS9vcGVyYXRpb25zL29wZXJhdGlvbi0xNzY5NDk1MjUxMDY3LTY0OTU4YjdkZjIzMDktNDk1ODBmZWYtOTA2ZWRmNTc [none]
[debug] [2026-01-27T06:28:39.505Z] <<< [apiv2][status] GET https://cloudfunctions.googleapis.com/v1/operations/cHJvamVjdHMvYWF2aXNoa2FyLTc5MjU0L2xvY2F0aW9ucy91cy1jZW50cmFsMS9vcGVyYXRpb25zL29wZXJhdGlvbi0xNzY5NDk1MjUxMDY3LTY0OTU4YjdkZjIzMDktNDk1ODBmZWYtOTA2ZWRmNTc 200
[debug] [2026-01-27T06:28:39.505Z] <<< [apiv2][body] GET https://cloudfunctions.googleapis.com/v1/operations/cHJvamVjdHMvYWF2aXNoa2FyLTc5MjU0L2xvY2F0aW9ucy91cy1jZW50cmFsMS9vcGVyYXRpb25zL29wZXJhdGlvbi0xNzY5NDk1MjUxMDY3LTY0OTU4YjdkZjIzMDktNDk1ODBmZWYtOTA2ZWRmNTc {"name":"operations/cHJvamVjdHMvYWF2aXNoa2FyLTc5MjU0L2xvY2F0aW9ucy91cy1jZW50cmFsMS9vcGVyYXRpb25zL29wZXJhdGlvbi0xNzY5NDk1MjUxMDY3LTY0OTU4YjdkZjIzMDktNDk1ODBmZWYtOTA2ZWRmNTc","metadata":{"@type":"type.googleapis.com/google.cloud.functions.v1.OperationMetadataV1","target":"projects/aavishkar-79254/locations/us-central1/functions/nextServer","type":"CREATE_FUNCTION","request":{"@type":"type.googleapis.com/google.cloud.functions.v1.CloudFunction","name":"projects/aavishkar-79254/locations/us-central1/functions/nextServer","httpsTrigger":{"securityLevel":"SECURE_ALWAYS"},"entryPoint":"nextServer","availableMemoryMb":1024,"updateTime":"1970-01-01T00:00:00Z","labels":{"deployment-tool":"cli-firebase","firebase-functions-hash":"557ec95047cc25c7db8cd660d06579e1e2d25641"},"sourceUploadUrl":"https://storage.googleapis.com/uploads-215580968587.us-central1.cloudfunctions.appspot.com/f6d3c48b-a6f8-4f18-b8b8-65ac88c47785.zip?GoogleAccessId=service-31535047412@gcf-admin-robot.iam.gserviceaccount.com&Expires=1769497044&Signature=kQJFUDcffJod1oCUvem4mDTDa865Cz1XAaiyM4GLe%2FJrKZdt%2Fh5%2B4M2IReTZ5uqV564hBMy7XNN1Js3AKXITLimhgS6F9UlCe7dDSii9FWnbmvL6VwcthC8SqN%2B30u97aUpiDrH0QKcMqVrGzvksoeDJ7f8eJ7pMjaGfzfcpubiCYsc7QKqJNDTqQVJoqPV4pojxu3%2Bk1QgUjHMPkR5ZcC%2B4l1qypEB5lzjYdD3qQ3VcM1Jn7f4dOdCJb0jd8rnyJhh7lL%2Fbwb17J%2F9Pfkpl8vIO8QsiQP51MA3m1%2FZ4S%2Bpx6Hj%2FwGIgPrY2BMqOqCfNBzAotZYZQvfUYyikdImL7A%3D%3D","environmentVariables":{"FIREBASE_CONFIG":"{\"projectId\":\"aavishkar-79254\",\"storageBucket\":\"aavishkar-79254.firebasestorage.app\"}","GCLOUD_PROJECT":"aavishkar-79254","EVENTARC_CLOUD_EVENT_SOURCE":"projects/aavishkar-79254/locations/us-central1/functions/nextServer"},"runtime":"nodejs20","buildEnvironmentVariables":{"GOOGLE_NODE_RUN_SCRIPTS":""},"dockerRegistry":"ARTIFACT_REGISTRY"},"versionId":"1","updateTime":"2026-01-27T06:27:31.476961934Z","buildId":"32026eba-a500-4136-a6f9-d3f09d810c4a","buildName":"projects/31535047412/locations/us-central1/builds/32026eba-a500-4136-a6f9-d3f09d810c4a"}}
[debug] [2026-01-27T06:28:49.521Z] [create-default-us-central1-nextServer] Retrying task index 0
[debug] [2026-01-27T06:28:49.521Z] Checked if tokens are valid: true, expires at: 1769498530050
[debug] [2026-01-27T06:28:49.521Z] Checked if tokens are valid: true, expires at: 1769498530050
[debug] [2026-01-27T06:28:49.522Z] >>> [apiv2][query] GET https://cloudfunctions.googleapis.com/v1/operations/cHJvamVjdHMvYWF2aXNoa2FyLTc5MjU0L2xvY2F0aW9ucy91cy1jZW50cmFsMS9vcGVyYXRpb25zL29wZXJhdGlvbi0xNzY5NDk1MjUxMDY3LTY0OTU4YjdkZjIzMDktNDk1ODBmZWYtOTA2ZWRmNTc [none]
[debug] [2026-01-27T06:28:50.270Z] <<< [apiv2][status] GET https://cloudfunctions.googleapis.com/v1/operations/cHJvamVjdHMvYWF2aXNoa2FyLTc5MjU0L2xvY2F0aW9ucy91cy1jZW50cmFsMS9vcGVyYXRpb25zL29wZXJhdGlvbi0xNzY5NDk1MjUxMDY3LTY0OTU4YjdkZjIzMDktNDk1ODBmZWYtOTA2ZWRmNTc 200
[debug] [2026-01-27T06:28:50.270Z] <<< [apiv2][body] GET https://cloudfunctions.googleapis.com/v1/operations/cHJvamVjdHMvYWF2aXNoa2FyLTc5MjU0L2xvY2F0aW9ucy91cy1jZW50cmFsMS9vcGVyYXRpb25zL29wZXJhdGlvbi0xNzY5NDk1MjUxMDY3LTY0OTU4YjdkZjIzMDktNDk1ODBmZWYtOTA2ZWRmNTc {"name":"operations/cHJvamVjdHMvYWF2aXNoa2FyLTc5MjU0L2xvY2F0aW9ucy91cy1jZW50cmFsMS9vcGVyYXRpb25zL29wZXJhdGlvbi0xNzY5NDk1MjUxMDY3LTY0OTU4YjdkZjIzMDktNDk1ODBmZWYtOTA2ZWRmNTc","metadata":{"@type":"type.googleapis.com/google.cloud.functions.v1.OperationMetadataV1","target":"projects/aavishkar-79254/locations/us-central1/functions/nextServer","type":"CREATE_FUNCTION","request":{"@type":"type.googleapis.com/google.cloud.functions.v1.CloudFunction","name":"projects/aavishkar-79254/locations/us-central1/functions/nextServer","httpsTrigger":{"securityLevel":"SECURE_ALWAYS"},"entryPoint":"nextServer","availableMemoryMb":1024,"updateTime":"1970-01-01T00:00:00Z","labels":{"deployment-tool":"cli-firebase","firebase-functions-hash":"557ec95047cc25c7db8cd660d06579e1e2d25641"},"sourceUploadUrl":"https://storage.googleapis.com/uploads-215580968587.us-central1.cloudfunctions.appspot.com/f6d3c48b-a6f8-4f18-b8b8-65ac88c47785.zip?GoogleAccessId=service-31535047412@gcf-admin-robot.iam.gserviceaccount.com&Expires=1769497044&Signature=kQJFUDcffJod1oCUvem4mDTDa865Cz1XAaiyM4GLe%2FJrKZdt%2Fh5%2B4M2IReTZ5uqV564hBMy7XNN1Js3AKXITLimhgS6F9UlCe7dDSii9FWnbmvL6VwcthC8SqN%2B30u97aUpiDrH0QKcMqVrGzvksoeDJ7f8eJ7pMjaGfzfcpubiCYsc7QKqJNDTqQVJoqPV4pojxu3%2Bk1QgUjHMPkR5ZcC%2B4l1qypEB5lzjYdD3qQ3VcM1Jn7f4dOdCJb0jd8rnyJhh7lL%2Fbwb17J%2F9Pfkpl8vIO8QsiQP51MA3m1%2FZ4S%2Bpx6Hj%2FwGIgPrY2BMqOqCfNBzAotZYZQvfUYyikdImL7A%3D%3D","environmentVariables":{"FIREBASE_CONFIG":"{\"projectId\":\"aavishkar-79254\",\"storageBucket\":\"aavishkar-79254.firebasestorage.app\"}","GCLOUD_PROJECT":"aavishkar-79254","EVENTARC_CLOUD_EVENT_SOURCE":"projects/aavishkar-79254/locations/us-central1/functions/nextServer"},"runtime":"nodejs20","buildEnvironmentVariables":{"GOOGLE_NODE_RUN_SCRIPTS":""},"dockerRegistry":"ARTIFACT_REGISTRY"},"versionId":"1","updateTime":"2026-01-27T06:27:31.476961934Z","buildId":"32026eba-a500-4136-a6f9-d3f09d810c4a","sourceToken":"191e0d5b-45bb-49c0-948c-0f3b4cd92c92","buildName":"projects/31535047412/locations/us-central1/builds/32026eba-a500-4136-a6f9-d3f09d810c4a"}}
[debug] [2026-01-27T06:28:50.270Z] Got source token 191e0d5b-45bb-49c0-948c-0f3b4cd92c92 for region us-central1
[debug] [2026-01-27T06:29:00.282Z] [create-default-us-central1-nextServer] Retrying task index 0
[debug] [2026-01-27T06:29:00.283Z] Checked if tokens are valid: true, expires at: 1769498530050
[debug] [2026-01-27T06:29:00.283Z] Checked if tokens are valid: true, expires at: 1769498530050
[debug] [2026-01-27T06:29:00.283Z] >>> [apiv2][query] GET https://cloudfunctions.googleapis.com/v1/operations/cHJvamVjdHMvYWF2aXNoa2FyLTc5MjU0L2xvY2F0aW9ucy91cy1jZW50cmFsMS9vcGVyYXRpb25zL29wZXJhdGlvbi0xNzY5NDk1MjUxMDY3LTY0OTU4YjdkZjIzMDktNDk1ODBmZWYtOTA2ZWRmNTc [none]
[debug] [2026-01-27T06:29:01.368Z] <<< [apiv2][status] GET https://cloudfunctions.googleapis.com/v1/operations/cHJvamVjdHMvYWF2aXNoa2FyLTc5MjU0L2xvY2F0aW9ucy91cy1jZW50cmFsMS9vcGVyYXRpb25zL29wZXJhdGlvbi0xNzY5NDk1MjUxMDY3LTY0OTU4YjdkZjIzMDktNDk1ODBmZWYtOTA2ZWRmNTc 200
[debug] [2026-01-27T06:29:01.368Z] <<< [apiv2][body] GET https://cloudfunctions.googleapis.com/v1/operations/cHJvamVjdHMvYWF2aXNoa2FyLTc5MjU0L2xvY2F0aW9ucy91cy1jZW50cmFsMS9vcGVyYXRpb25zL29wZXJhdGlvbi0xNzY5NDk1MjUxMDY3LTY0OTU4YjdkZjIzMDktNDk1ODBmZWYtOTA2ZWRmNTc {"name":"operations/cHJvamVjdHMvYWF2aXNoa2FyLTc5MjU0L2xvY2F0aW9ucy91cy1jZW50cmFsMS9vcGVyYXRpb25zL29wZXJhdGlvbi0xNzY5NDk1MjUxMDY3LTY0OTU4YjdkZjIzMDktNDk1ODBmZWYtOTA2ZWRmNTc","metadata":{"@type":"type.googleapis.com/google.cloud.functions.v1.OperationMetadataV1","target":"projects/aavishkar-79254/locations/us-central1/functions/nextServer","type":"CREATE_FUNCTION","request":{"@type":"type.googleapis.com/google.cloud.functions.v1.CloudFunction","name":"projects/aavishkar-79254/locations/us-central1/functions/nextServer","httpsTrigger":{"securityLevel":"SECURE_ALWAYS"},"entryPoint":"nextServer","availableMemoryMb":1024,"updateTime":"1970-01-01T00:00:00Z","labels":{"deployment-tool":"cli-firebase","firebase-functions-hash":"557ec95047cc25c7db8cd660d06579e1e2d25641"},"sourceUploadUrl":"https://storage.googleapis.com/uploads-215580968587.us-central1.cloudfunctions.appspot.com/f6d3c48b-a6f8-4f18-b8b8-65ac88c47785.zip?GoogleAccessId=service-31535047412@gcf-admin-robot.iam.gserviceaccount.com&Expires=1769497044&Signature=kQJFUDcffJod1oCUvem4mDTDa865Cz1XAaiyM4GLe%2FJrKZdt%2Fh5%2B4M2IReTZ5uqV564hBMy7XNN1Js3AKXITLimhgS6F9UlCe7dDSii9FWnbmvL6VwcthC8SqN%2B30u97aUpiDrH0QKcMqVrGzvksoeDJ7f8eJ7pMjaGfzfcpubiCYsc7QKqJNDTqQVJoqPV4pojxu3%2Bk1QgUjHMPkR5ZcC%2B4l1qypEB5lzjYdD3qQ3VcM1Jn7f4dOdCJb0jd8rnyJhh7lL%2Fbwb17J%2F9Pfkpl8vIO8QsiQP51MA3m1%2FZ4S%2Bpx6Hj%2FwGIgPrY2BMqOqCfNBzAotZYZQvfUYyikdImL7A%3D%3D","environmentVariables":{"FIREBASE_CONFIG":"{\"projectId\":\"aavishkar-79254\",\"storageBucket\":\"aavishkar-79254.firebasestorage.app\"}","GCLOUD_PROJECT":"aavishkar-79254","EVENTARC_CLOUD_EVENT_SOURCE":"projects/aavishkar-79254/locations/us-central1/functions/nextServer"},"runtime":"nodejs20","buildEnvironmentVariables":{"GOOGLE_NODE_RUN_SCRIPTS":""},"dockerRegistry":"ARTIFACT_REGISTRY"},"versionId":"1","updateTime":"2026-01-27T06:29:03.704608321Z","buildId":"32026eba-a500-4136-a6f9-d3f09d810c4a","sourceToken":"191e0d5b-45bb-49c0-948c-0f3b4cd92c92","buildName":"projects/31535047412/locations/us-central1/builds/32026eba-a500-4136-a6f9-d3f09d810c4a"},"done":true,"error":{"code":3,"message":"Gen1 operation for function projects/aavishkar-79254/locations/us-central1/functions/nextServer failed: Function failed on loading user code. This is likely due to a bug in the user code. Error message: Provided module can't be loaded.\nDid you list all required modules in the package.json dependencies?\nDetailed stack trace: Error: Cannot find module 'next'\nRequire stack:\n- /workspace/index.js\n- /layers/google.nodejs.functions-framework/functions-framework/node_modules/@google-cloud/functions-framework/build/src/loader.js\n- /layers/google.nodejs.functions-framework/functions-framework/node_modules/@google-cloud/functions-framework/build/src/main.js\n    at Module._resolveFilename (node:internal/modules/cjs/loader:1207:15)\n    at Module._load (node:internal/modules/cjs/loader:1038:27)\n    at Module.require (node:internal/modules/cjs/loader:1289:19)\n    at require (node:internal/modules/helpers:182:18)\n    at Object.<anonymous> (/workspace/index.js:2:14)\n    at Module._compile (node:internal/modules/cjs/loader:1521:14)\n    at Module._extensions..js (node:internal/modules/cjs/loader:1623:10)\n    at Module.load (node:internal/modules/cjs/loader:1266:32)\n    at Module._load (node:internal/modules/cjs/loader:1091:12)\n    at Module.require (node:internal/modules/cjs/loader:1289:19)\nCould not load the function, shutting down.. Please visit https://cloud.google.com/functions/docs/troubleshooting for in-depth troubleshooting documentation.."}}
[debug] [2026-01-27T06:29:01.368Z] Got source token 191e0d5b-45bb-49c0-948c-0f3b4cd92c92 for region us-central1
[error] Gen1 operation for function projects/aavishkar-79254/locations/us-central1/functions/nextServer failed: Function failed on loading user code. This is likely due to a bug in the user code. Error message: Provided module can't be loaded.
Did you list all required modules in the package.json dependencies?
Detailed stack trace: Error: Cannot find module 'next'
Require stack:
- /workspace/index.js
- /layers/google.nodejs.functions-framework/functions-framework/node_modules/@google-cloud/functions-framework/build/src/loader.js
- /layers/google.nodejs.functions-framework/functions-framework/node_modules/@google-cloud/functions-framework/build/src/main.js
    at Module._resolveFilename (node:internal/modules/cjs/loader:1207:15)
    at Module._load (node:internal/modules/cjs/loader:1038:27)
    at Module.require (node:internal/modules/cjs/loader:1289:19)
    at require (node:internal/modules/helpers:182:18)
    at Object.<anonymous> (/workspace/index.js:2:14)
    at Module._compile (node:internal/modules/cjs/loader:1521:14)
    at Module._extensions..js (node:internal/modules/cjs/loader:1623:10)
    at Module.load (node:internal/modules/cjs/loader:1266:32)
    at Module._load (node:internal/modules/cjs/loader:1091:12)
    at Module.require (node:internal/modules/cjs/loader:1289:19)
Could not load the function, shutting down.. Please visit https://cloud.google.com/functions/docs/troubleshooting for in-depth troubleshooting documentation..
[debug] [2026-01-27T06:29:01.373Z] Total Function Deployment time: 94896
[debug] [2026-01-27T06:29:01.373Z] 1 Functions Deployed
[debug] [2026-01-27T06:29:01.373Z] 1 Functions Errored
[debug] [2026-01-27T06:29:01.373Z] 0 Function Deployments Aborted
[debug] [2026-01-27T06:29:01.373Z] Average Function Deployment time: 94895
[info] 
[info] Functions deploy had errors with the following functions:
	nextServer(us-central1)
[debug] [2026-01-27T06:29:02.681Z] Not printing URL for HTTPS function. Typically this means it didn't match a filter or we failed deployment
[debug] [2026-01-27T06:29:02.682Z] Checked if tokens are valid: true, expires at: 1769498530050
[debug] [2026-01-27T06:29:02.682Z] Checked if tokens are valid: true, expires at: 1769498530050
[debug] [2026-01-27T06:29:02.682Z] >>> [apiv2][query] GET https://artifactregistry.googleapis.com/v1/projects/aavishkar-79254/locations/us-central1/repositories/gcf-artifacts [none]
[debug] [2026-01-27T06:29:04.370Z] <<< [apiv2][status] GET https://artifactregistry.googleapis.com/v1/projects/aavishkar-79254/locations/us-central1/repositories/gcf-artifacts 200
[debug] [2026-01-27T06:29:04.370Z] <<< [apiv2][body] GET https://artifactregistry.googleapis.com/v1/projects/aavishkar-79254/locations/us-central1/repositories/gcf-artifacts {"name":"projects/aavishkar-79254/locations/us-central1/repositories/gcf-artifacts","format":"DOCKER","description":"This repository is created and used by Cloud Functions for storing function docker images.","labels":{"goog-managed-by":"cloudfunctions"},"createTime":"2026-01-27T06:27:40.998628Z","updateTime":"2026-01-27T06:28:34.901755Z","mode":"STANDARD_REPOSITORY","sizeBytes":"495935506","vulnerabilityScanningConfig":{"lastEnableTime":"2026-01-27T06:27:33.177814700Z","enablementState":"SCANNING_DISABLED","enablementStateReason":"API containerscanning.googleapis.com is not enabled."},"satisfiesPzi":true,"registryUri":"us-central1-docker.pkg.dev/aavishkar-79254/gcf-artifacts"}
[warn] !  functions: No cleanup policy detected for repositories in us-central1. This may result in a small monthly bill as container images accumulate over time. 
[info] i  functions: Configuring cleanup policy for repository in us-central1. Images older than 20 days will be automatically deleted. 
[debug] [2026-01-27T06:29:11.723Z] Setting up artifact cleanup policy for region us-central1
[debug] [2026-01-27T06:29:11.724Z] Checked if tokens are valid: true, expires at: 1769498530050
[debug] [2026-01-27T06:29:11.724Z] Checked if tokens are valid: true, expires at: 1769498530050
[debug] [2026-01-27T06:29:11.724Z] >>> [apiv2][query] PATCH https://artifactregistry.googleapis.com/v1/projects/aavishkar-79254/locations/us-central1/repositories/gcf-artifacts updateMask=name%2CcleanupPolicies%2CcleanupPolicyDryRun%2Clabels
[debug] [2026-01-27T06:29:11.724Z] >>> [apiv2][body] PATCH https://artifactregistry.googleapis.com/v1/projects/aavishkar-79254/locations/us-central1/repositories/gcf-artifacts {"name":"projects/aavishkar-79254/locations/us-central1/repositories/gcf-artifacts","cleanupPolicies":{"firebase-functions-cleanup":{"id":"firebase-functions-cleanup","condition":{"tagState":"ANY","olderThan":"1728000s"},"action":"DELETE"}},"cleanupPolicyDryRun":false,"labels":{"goog-managed-by":"cloudfunctions"}}
[debug] [2026-01-27T06:29:13.169Z] <<< [apiv2][status] PATCH https://artifactregistry.googleapis.com/v1/projects/aavishkar-79254/locations/us-central1/repositories/gcf-artifacts 200
[debug] [2026-01-27T06:29:13.169Z] <<< [apiv2][body] PATCH https://artifactregistry.googleapis.com/v1/projects/aavishkar-79254/locations/us-central1/repositories/gcf-artifacts {"name":"projects/aavishkar-79254/locations/us-central1/repositories/gcf-artifacts","format":"DOCKER","description":"This repository is created and used by Cloud Functions for storing function docker images.","labels":{"goog-managed-by":"cloudfunctions"},"createTime":"2026-01-27T06:27:40.998628Z","updateTime":"2026-01-27T06:29:17.089883Z","mode":"STANDARD_REPOSITORY","cleanupPolicies":{"firebase-functions-cleanup":{"id":"firebase-functions-cleanup","action":"DELETE","condition":{"tagState":"ANY","olderThan":"1728000s"}}},"vulnerabilityScanningConfig":{"lastEnableTime":"2026-01-27T06:27:33.177814700Z","enablementState":"SCANNING_DISABLED","enablementStateReason":"API containerscanning.googleapis.com is not enabled."},"satisfiesPzi":true}
[info] i  functions: Configured cleanup policy for repository in us-central1. 
[debug] [2026-01-27T06:29:13.169Z] Functions deploy failed.
[debug] [2026-01-27T06:29:13.170Z] {
  "endpoint": {
    "id": "nextServer",
    "project": "aavishkar-79254",
    "region": "us-central1",
    "entryPoint": "nextServer",
    "platform": "gcfv1",
    "runtime": "nodejs20",
    "httpsTrigger": {},
    "serviceAccount": null,
    "ingressSettings": null,
    "availableMemoryMb": 1024,
    "timeoutSeconds": null,
    "maxInstances": null,
    "minInstances": null,
    "vpc": null,
    "environmentVariables": {
      "FIREBASE_CONFIG": "{\"projectId\":\"aavishkar-79254\",\"storageBucket\":\"aavishkar-79254.firebasestorage.app\"}",
      "GCLOUD_PROJECT": "aavishkar-79254",
      "EVENTARC_CLOUD_EVENT_SOURCE": "projects/aavishkar-79254/locations/us-central1/functions/nextServer"
    },
    "codebase": "default",
    "targetedByOnly": false,
    "hash": "557ec95047cc25c7db8cd660d06579e1e2d25641",
    "labels": {
      "deployment-tool": "cli-firebase"
    }
  },
  "op": "create",
  "original": {
    "name": "FirebaseError",
    "children": [],
    "exit": 1,
    "message": "Gen1 operation for function projects/aavishkar-79254/locations/us-central1/functions/nextServer failed: Function failed on loading user code. This is likely due to a bug in the user code. Error message: Provided module can't be loaded.\nDid you list all required modules in the package.json dependencies?\nDetailed stack trace: Error: Cannot find module 'next'\nRequire stack:\n- /workspace/index.js\n- /layers/google.nodejs.functions-framework/functions-framework/node_modules/@google-cloud/functions-framework/build/src/loader.js\n- /layers/google.nodejs.functions-framework/functions-framework/node_modules/@google-cloud/functions-framework/build/src/main.js\n    at Module._resolveFilename (node:internal/modules/cjs/loader:1207:15)\n    at Module._load (node:internal/modules/cjs/loader:1038:27)\n    at Module.require (node:internal/modules/cjs/loader:1289:19)\n    at require (node:internal/modules/helpers:182:18)\n    at Object.<anonymous> (/workspace/index.js:2:14)\n    at Module._compile (node:internal/modules/cjs/loader:1521:14)\n    at Module._extensions..js (node:internal/modules/cjs/loader:1623:10)\n    at Module.load (node:internal/modules/cjs/loader:1266:32)\n    at Module._load (node:internal/modules/cjs/loader:1091:12)\n    at Module.require (node:internal/modules/cjs/loader:1289:19)\nCould not load the function, shutting down.. Please visit https://cloud.google.com/functions/docs/troubleshooting for in-depth troubleshooting documentation..",
    "original": {
      "code": 3,
      "message": "Gen1 operation for function projects/aavishkar-79254/locations/us-central1/functions/nextServer failed: Function failed on loading user code. This is likely due to a bug in the user code. Error message: Provided module can't be loaded.\nDid you list all required modules in the package.json dependencies?\nDetailed stack trace: Error: Cannot find module 'next'\nRequire stack:\n- /workspace/index.js\n- /layers/google.nodejs.functions-framework/functions-framework/node_modules/@google-cloud/functions-framework/build/src/loader.js\n- /layers/google.nodejs.functions-framework/functions-framework/node_modules/@google-cloud/functions-framework/build/src/main.js\n    at Module._resolveFilename (node:internal/modules/cjs/loader:1207:15)\n    at Module._load (node:internal/modules/cjs/loader:1038:27)\n    at Module.require (node:internal/modules/cjs/loader:1289:19)\n    at require (node:internal/modules/helpers:182:18)\n    at Object.<anonymous> (/workspace/index.js:2:14)\n    at Module._compile (node:internal/modules/cjs/loader:1521:14)\n    at Module._extensions..js (node:internal/modules/cjs/loader:1623:10)\n    at Module.load (node:internal/modules/cjs/loader:1266:32)\n    at Module._load (node:internal/modules/cjs/loader:1091:12)\n    at Module.require (node:internal/modules/cjs/loader:1289:19)\nCould not load the function, shutting down.. Please visit https://cloud.google.com/functions/docs/troubleshooting for in-depth troubleshooting documentation.."
    },
    "status": 3,
    "code": 3
  }
}
[debug] [2026-01-27T06:29:13.459Z] Error: Failed to create function nextServer in region us-central1
    at C:\Users\SUPERSTAR\AppData\Local\nvm\v20.19.2\node_modules\firebase-tools\lib\deploy\functions\release\fabricator.js:53:11
    at process.processTicksAndRejections (node:internal/process/task_queues:95:5)
    at async Fabricator.createV1Function (C:\Users\SUPERSTAR\AppData\Local\nvm\v20.19.2\node_modules\firebase-tools\lib\deploy\functions\release\fabricator.js:194:32)
    at async Fabricator.createEndpoint (C:\Users\SUPERSTAR\AppData\Local\nvm\v20.19.2\node_modules\firebase-tools\lib\deploy\functions\release\fabricator.js:135:13)
    at async handle (C:\Users\SUPERSTAR\AppData\Local\nvm\v20.19.2\node_modules\firebase-tools\lib\deploy\functions\release\fabricator.js:90:17)
[error] 
[error] Error: There was an error deploying functions
